#
# A fatal error has been detected by the Java Runtime Environment:
#
#  SIGSEGV (0xb) at pc=0x00007fd307f1e280, pid=2275, tid=140544371443456
#
# JRE version: OpenJDK Runtime Environment (7.0_91-b02) (build 1.7.0_91-b02)
# Java VM: OpenJDK 64-Bit Server VM (24.91-b01 mixed mode linux-amd64 compressed oops)
# Derivative: IcedTea 2.6.3
# Distribution: Ubuntu 15.10, package 7u91-2.6.3-0ubuntu0.15.10.1
# Problematic frame:
# V  [libjvm.so+0x606280]  java_lang_String::equals(oopDesc*, unsigned short*, int)+0xc0
#
# Failed to write core dump. Core dumps have been disabled. To enable core dumping, try "ulimit -c unlimited" before starting Java again
#
# If you would like to submit a bug report, please include
# instructions on how to reproduce the bug and visit:
#   http://icedtea.classpath.org/bugzilla
#

---------------  T H R E A D  ---------------

Current thread (0x00007fd30000a000):  JavaThread "main" [_thread_in_vm, id=2301, stack(0x00007fd30945c000,0x00007fd30955d000)]

siginfo:si_signo=SIGSEGV: si_errno=0, si_code=2 (SEGV_ACCERR), si_addr=0x00007fd308b211b0

Registers:
RAX=0x0000000000000018, RBX=0x0000000000000001, RCX=0x0000000000000064, RDX=0x00000000ebe13a60
RSP=0x00007fd309559cb0, RBP=0x00007fd309559cc0, RSI=0x000000000000000c, RDI=0x00000000ebe13a38
R8 =0x0000000000000018, R9 =0x00007fd30000a850, R10=0x00000000ebe13a38, R11=0x0000000000000000
R12=0x00000000ebe13a50, R13=0x00007fd300522f48, R14=0x000000000f1b6386, R15=0x0000000000000001
RIP=0x00007fd307f1e280, EFLAGS=0x0000000000010246, CSGSFS=0x0000000000000033, ERR=0x0000000000000004
  TRAPNO=0x000000000000000e

Top of Stack: (sp=0x00007fd309559cb0)
0x00007fd309559cb0:   0000000000000018 00007fd30000a850
0x00007fd309559cc0:   00007fd309559d20 00007fd30821c2b5
0x00007fd309559cd0:   000047730555f5f0 00007fd30000a000
0x00007fd309559ce0:   00007fd300027cc0 0000000000000000
0x00007fd309559cf0:   00007fd309559d20 00007fd30000a000
0x00007fd309559d00:   0000000000000018 00007fd30000a820
0x00007fd309559d10:   00007fd3000077b0 00007fd30000a850
0x00007fd309559d20:   00007fd309559d80 00007fd30821c67f
0x00007fd309559d30:   00000000000003d8 00007fd30000a830
0x00007fd309559d40:   00007fd30000a850 00007fd30000ac08
0x00007fd309559d50:   00007fd30000002b 00007fd30000a000
0x00007fd309559d60:   00000000f2161680 00007fd30000ac68
0x00007fd309559d70:   00007fd30000ac80 0000000000000039
0x00007fd309559d80:   00007fd309559e00 00007fd307f27937
0x00007fd309559d90:   00007fd309559dd0 00000000f2161660
0x00007fd309559da0:   00007fd3000077b0 00007fd30000a820
0x00007fd309559db0:   00007fd30000a830 00007fd30000ac08
0x00007fd309559dc0:   00000000000003d8 c273272dbf110e00
0x00007fd309559dd0:   00007fd309559e00 0000000000000004
0x00007fd309559de0:   00007fd30000a000 00007fd308724834
0x00007fd309559df0:   0000000000000000 00000000f21610f8
0x00007fd309559e00:   00007fd309559e40 00007fd307f27b92
0x00007fd309559e10:   00007fd309559e00 00007fd30000a000
0x00007fd309559e20:   00007fd309559e50 00007fd30000a1d8
0x00007fd309559e30:   0000000000000000 00007fd309559f40
0x00007fd309559e40:   00007fd309559eb0 00007fd307f586ae
0x00007fd309559e50:   00007fd308674798 0000000000000000
0x00007fd309559e60:   0000000000000000 00007fd307f28500
0x00007fd309559e70:   00007fd309559eb0 c273272dbf110e00
0x00007fd309559e80:   00007fd309559ea0 00000000b9227098
0x00007fd309559e90:   0000000000000000 00000000b9227098
0x00007fd309559ea0:   00007fd309559f40 00007fd30000a000 

Instructions: (pc=0x00007fd307f1e280)
0x00007fd307f1e260:   0c 41 74 ec 5b 31 c0 41 5c 5d c3 0f 1f 44 00 00
0x00007fd307f1e270:   4c 89 d7 e8 38 f1 ff ff 89 c2 eb 92 0f 1f 40 00
0x00007fd307f1e280:   5b b8 01 00 00 00 41 5c 5d c3 66 0f 1f 44 00 00
0x00007fd307f1e290:   55 48 89 e5 41 57 41 56 41 55 41 54 49 89 f4 53 

Register to memory mapping:

RAX=0x0000000000000018 is an unknown value
RBX=0x0000000000000001 is an unknown value
RCX=0x0000000000000064 is an unknown value
RDX=0x00000000ebe13a60 is an unknown value
RSP=0x00007fd309559cb0 is pointing into the stack for thread: 0x00007fd30000a000
RBP=0x00007fd309559cc0 is pointing into the stack for thread: 0x00007fd30000a000
RSI=0x000000000000000c is an unknown value
RDI=0x00000000ebe13a38 is an oop
java.lang.String 
 - klass: 'java/lang/String'
R8 =0x0000000000000018 is an unknown value
R9 =0x00007fd30000a850 is an unknown value
R10=0x00000000ebe13a38 is an oop
java.lang.String 
 - klass: 'java/lang/String'
R11=0x0000000000000000 is an unknown value
R12=0x00000000ebe13a50 is an oop
[C 
 - klass: {type array char}
 - length: 24
R13=0x00007fd300522f48 is an unknown value
R14=0x000000000f1b6386 is an unknown value
R15=0x0000000000000001 is an unknown value


Stack: [0x00007fd30945c000,0x00007fd30955d000],  sp=0x00007fd309559cb0,  free space=1015k
Native frames: (J=compiled Java code, j=interpreted, Vv=VM code, C=native code)
V  [libjvm.so+0x606280]  java_lang_String::equals(oopDesc*, unsigned short*, int)+0xc0
V  [libjvm.so+0x9042b5]  StringTable::intern(Handle, unsigned short*, int, Thread*)+0xc5
V  [libjvm.so+0x90467f]  StringTable::intern(char const*, Thread*)+0x7f
V  [libjvm.so+0x60f937]  java_lang_StackTraceElement::create(methodHandle, int, Thread*)+0x137
V  [libjvm.so+0x60fb92]  java_lang_Throwable::get_stack_trace_element(oopDesc*, int, Thread*)+0xd2
V  [libjvm.so+0x6406ae]  JVM_GetStackTraceElement+0x7e
j  java.lang.Throwable.getStackTraceElement(I)Ljava/lang/StackTraceElement;+0
J 899 C2 java.lang.Throwable.getOurStackTrace()[Ljava/lang/StackTraceElement; (80 bytes) @ 0x00007fd2fd29fc64 [0x00007fd2fd29fb00+0x164]
j  java.lang.Throwable.getStackTrace()[Ljava/lang/StackTraceElement;+1
j  com.google.inject.spi.Elements$RecordingBinder.getElementSource()Lcom/google/inject/spi/ElementSource;+68
j  com.google.inject.spi.Elements$RecordingBinder.convertToTypes(Lcom/google/inject/matcher/Matcher;Lcom/google/inject/spi/TypeConverter;)V+9
j  org.eclipse.sisu.wire.AbstractTypeConverter.configure(Lcom/google/inject/Binder;)V+24
j  org.eclipse.sisu.wire.WireModule$Strategy$1.wiring(Lcom/google/inject/Binder;)Lorg/eclipse/sisu/wire/Wiring;+25
j  org.eclipse.sisu.wire.ElementAnalyzer.apply(Lorg/eclipse/sisu/wire/WireModule$Strategy;)V+40
j  org.eclipse.sisu.wire.WireModule.configure(Lcom/google/inject/Binder;)V+59
j  com.google.inject.spi.Elements$RecordingBinder.install(Lcom/google/inject/Module;)V+47
j  com.google.inject.spi.Elements.getElements(Lcom/google/inject/Stage;Ljava/lang/Iterable;)Ljava/util/List;+40
j  com.google.inject.internal.InjectorShell$Builder.build(Lcom/google/inject/internal/Initializer;Lcom/google/inject/internal/ProcessedBindingData;Lcom/google/inject/internal/util/Stopwatch;Lcom/google/inject/internal/Errors;)Ljava/util/List;+95
j  com.google.inject.internal.InternalInjectorCreator.build()Lcom/google/inject/Injector;+48
j  com.google.inject.Guice.createInjector(Lcom/google/inject/Stage;Ljava/lang/Iterable;)Lcom/google/inject/Injector;+15
j  com.google.inject.Guice.createInjector(Ljava/lang/Iterable;)Lcom/google/inject/Injector;+4
j  com.google.inject.Guice.createInjector([Lcom/google/inject/Module;)Lcom/google/inject/Injector;+4
j  org.codehaus.plexus.DefaultPlexusContainer.addPlexusInjector(Ljava/util/List;[Lcom/google/inject/Module;)Lcom/google/inject/Injector;+88
j  org.codehaus.plexus.DefaultPlexusContainer.discoverComponents(Lorg/codehaus/plexus/classworlds/realm/ClassRealm;[Lcom/google/inject/Module;)Ljava/util/List;+171
j  org.apache.maven.plugin.internal.DefaultMavenPluginManager.discoverPluginComponents(Lorg/codehaus/plexus/classworlds/realm/ClassRealm;Lorg/apache/maven/model/Plugin;Lorg/apache/maven/plugin/descriptor/PluginDescriptor;)V+97
j  org.apache.maven.plugin.internal.DefaultMavenPluginManager.createPluginRealm(Lorg/apache/maven/plugin/descriptor/PluginDescriptor;Lorg/apache/maven/execution/MavenSession;Ljava/lang/ClassLoader;Ljava/util/Map;Lorg/eclipse/aether/graph/DependencyFilter;)V+155
j  org.apache.maven.plugin.internal.DefaultMavenPluginManager.setupPluginRealm(Lorg/apache/maven/plugin/descriptor/PluginDescriptor;Lorg/apache/maven/execution/MavenSession;Ljava/lang/ClassLoader;Ljava/util/List;Lorg/eclipse/aether/graph/DependencyFilter;)V+263
j  org.apache.maven.plugin.DefaultBuildPluginManager.getPluginRealm(Lorg/apache/maven/execution/MavenSession;Lorg/apache/maven/plugin/descriptor/PluginDescriptor;)Lorg/codehaus/plexus/classworlds/realm/ClassRealm;+20
j  org.apache.maven.plugin.DefaultBuildPluginManager.executeMojo(Lorg/apache/maven/execution/MavenSession;Lorg/apache/maven/plugin/MojoExecution;)V+21
j  org.apache.maven.lifecycle.internal.MojoExecutor.execute(Lorg/apache/maven/execution/MavenSession;Lorg/apache/maven/plugin/MojoExecution;Lorg/apache/maven/lifecycle/internal/ProjectIndex;Lorg/apache/maven/lifecycle/internal/DependencyContext;)V+220
j  org.apache.maven.lifecycle.internal.MojoExecutor.execute(Lorg/apache/maven/execution/MavenSession;Lorg/apache/maven/plugin/MojoExecution;Lorg/apache/maven/lifecycle/internal/ProjectIndex;Lorg/apache/maven/lifecycle/internal/DependencyContext;Lorg/apache/maven/lifecycle/internal/PhaseRecorder;)V+6
j  org.apache.maven.lifecycle.internal.MojoExecutor.execute(Lorg/apache/maven/execution/MavenSession;Ljava/util/List;Lorg/apache/maven/lifecycle/internal/ProjectIndex;)V+60
j  org.apache.maven.lifecycle.internal.LifecycleModuleBuilder.buildProject(Lorg/apache/maven/execution/MavenSession;Lorg/apache/maven/execution/MavenSession;Lorg/apache/maven/lifecycle/internal/ReactorContext;Lorg/apache/maven/project/MavenProject;Lorg/apache/maven/lifecycle/internal/TaskSegment;)V+180
j  org.apache.maven.lifecycle.internal.LifecycleModuleBuilder.buildProject(Lorg/apache/maven/execution/MavenSession;Lorg/apache/maven/lifecycle/internal/ReactorContext;Lorg/apache/maven/project/MavenProject;Lorg/apache/maven/lifecycle/internal/TaskSegment;)V+7
j  org.apache.maven.lifecycle.internal.builder.singlethreaded.SingleThreadedBuilder.build(Lorg/apache/maven/execution/MavenSession;Lorg/apache/maven/lifecycle/internal/ReactorContext;Lorg/apache/maven/lifecycle/internal/ProjectBuildList;Ljava/util/List;Lorg/apache/maven/lifecycle/internal/ReactorBuildStatus;)V+77
j  org.apache.maven.lifecycle.internal.LifecycleStarter.execute(Lorg/apache/maven/execution/MavenSession;)V+353
j  org.apache.maven.DefaultMaven.doExecute(Lorg/apache/maven/execution/MavenExecutionRequest;Lorg/apache/maven/execution/MavenSession;Lorg/apache/maven/execution/MavenExecutionResult;Lorg/eclipse/aether/DefaultRepositorySystemSession;)Lorg/apache/maven/execution/MavenExecutionResult;+414
j  org.apache.maven.DefaultMaven.doExecute(Lorg/apache/maven/execution/MavenExecutionRequest;)Lorg/apache/maven/execution/MavenExecutionResult;+99
j  org.apache.maven.DefaultMaven.execute(Lorg/apache/maven/execution/MavenExecutionRequest;)Lorg/apache/maven/execution/MavenExecutionResult;+2
j  org.apache.maven.cli.MavenCli.execute(Lorg/apache/maven/cli/CliRequest;)I+27
j  org.apache.maven.cli.MavenCli.doMain(Lorg/apache/maven/cli/CliRequest;)I+66
j  org.apache.maven.cli.MavenCli.main([Ljava/lang/String;Lorg/codehaus/plexus/classworlds/ClassWorld;)I+18
v  ~StubRoutines::call_stub
V  [libjvm.so+0x60493c]  JavaCalls::call_helper(JavaValue*, methodHandle*, JavaCallArguments*, Thread*)+0x37c
V  [libjvm.so+0x604388]  JavaCalls::call(JavaValue*, methodHandle, JavaCallArguments*, Thread*)+0x28
V  [libjvm.so+0x87e4d4]  Reflection::invoke(instanceKlassHandle, methodHandle, Handle, bool, objArrayHandle, BasicType, objArrayHandle, bool, Thread*)+0x524
V  [libjvm.so+0x87f5ea]  Reflection::invoke_method(oopDesc*, Handle, objArrayHandle, Thread*)+0x18a
V  [libjvm.so+0x64c909]  JVM_InvokeMethod+0x119
j  sun.reflect.NativeMethodAccessorImpl.invoke0(Ljava/lang/reflect/Method;Ljava/lang/Object;[Ljava/lang/Object;)Ljava/lang/Object;+0
j  sun.reflect.NativeMethodAccessorImpl.invoke(Ljava/lang/Object;[Ljava/lang/Object;)Ljava/lang/Object;+87
j  sun.reflect.DelegatingMethodAccessorImpl.invoke(Ljava/lang/Object;[Ljava/lang/Object;)Ljava/lang/Object;+6
j  java.lang.reflect.Method.invoke(Ljava/lang/Object;[Ljava/lang/Object;)Ljava/lang/Object;+57
j  org.codehaus.plexus.classworlds.launcher.Launcher.launchEnhanced([Ljava/lang/String;)V+45
j  org.codehaus.plexus.classworlds.launcher.Launcher.launch([Ljava/lang/String;)V+2
j  org.codehaus.plexus.classworlds.launcher.Launcher.mainWithExitCode([Ljava/lang/String;)I+101
j  org.codehaus.plexus.classworlds.launcher.Launcher.main([Ljava/lang/String;)V+1
v  ~StubRoutines::call_stub
V  [libjvm.so+0x60493c]  JavaCalls::call_helper(JavaValue*, methodHandle*, JavaCallArguments*, Thread*)+0x37c
V  [libjvm.so+0x604388]  JavaCalls::call(JavaValue*, methodHandle, JavaCallArguments*, Thread*)+0x28
V  [libjvm.so+0x61d44f]  jni_invoke_static(JNIEnv_*, JavaValue*, _jobject*, JNICallType, _jmethodID*, JNI_ArgumentPusher*, Thread*) [clone .isra.52] [clone .constprop.88]+0x14f
V  [libjvm.so+0x624819]  jni_CallStaticVoidMethod+0x109
C  [libjli.so+0x3204]

Java frames: (J=compiled Java code, j=interpreted, Vv=VM code)
j  java.lang.Throwable.getStackTraceElement(I)Ljava/lang/StackTraceElement;+0
J 899 C2 java.lang.Throwable.getOurStackTrace()[Ljava/lang/StackTraceElement; (80 bytes) @ 0x00007fd2fd29fc64 [0x00007fd2fd29fb00+0x164]
j  java.lang.Throwable.getStackTrace()[Ljava/lang/StackTraceElement;+1
j  com.google.inject.spi.Elements$RecordingBinder.getElementSource()Lcom/google/inject/spi/ElementSource;+68
j  com.google.inject.spi.Elements$RecordingBinder.convertToTypes(Lcom/google/inject/matcher/Matcher;Lcom/google/inject/spi/TypeConverter;)V+9
j  org.eclipse.sisu.wire.AbstractTypeConverter.configure(Lcom/google/inject/Binder;)V+24
j  org.eclipse.sisu.wire.WireModule$Strategy$1.wiring(Lcom/google/inject/Binder;)Lorg/eclipse/sisu/wire/Wiring;+25
j  org.eclipse.sisu.wire.ElementAnalyzer.apply(Lorg/eclipse/sisu/wire/WireModule$Strategy;)V+40
j  org.eclipse.sisu.wire.WireModule.configure(Lcom/google/inject/Binder;)V+59
j  com.google.inject.spi.Elements$RecordingBinder.install(Lcom/google/inject/Module;)V+47
j  com.google.inject.spi.Elements.getElements(Lcom/google/inject/Stage;Ljava/lang/Iterable;)Ljava/util/List;+40
j  com.google.inject.internal.InjectorShell$Builder.build(Lcom/google/inject/internal/Initializer;Lcom/google/inject/internal/ProcessedBindingData;Lcom/google/inject/internal/util/Stopwatch;Lcom/google/inject/internal/Errors;)Ljava/util/List;+95
j  com.google.inject.internal.InternalInjectorCreator.build()Lcom/google/inject/Injector;+48
j  com.google.inject.Guice.createInjector(Lcom/google/inject/Stage;Ljava/lang/Iterable;)Lcom/google/inject/Injector;+15
j  com.google.inject.Guice.createInjector(Ljava/lang/Iterable;)Lcom/google/inject/Injector;+4
j  com.google.inject.Guice.createInjector([Lcom/google/inject/Module;)Lcom/google/inject/Injector;+4
j  org.codehaus.plexus.DefaultPlexusContainer.addPlexusInjector(Ljava/util/List;[Lcom/google/inject/Module;)Lcom/google/inject/Injector;+88
j  org.codehaus.plexus.DefaultPlexusContainer.discoverComponents(Lorg/codehaus/plexus/classworlds/realm/ClassRealm;[Lcom/google/inject/Module;)Ljava/util/List;+171
j  org.apache.maven.plugin.internal.DefaultMavenPluginManager.discoverPluginComponents(Lorg/codehaus/plexus/classworlds/realm/ClassRealm;Lorg/apache/maven/model/Plugin;Lorg/apache/maven/plugin/descriptor/PluginDescriptor;)V+97
j  org.apache.maven.plugin.internal.DefaultMavenPluginManager.createPluginRealm(Lorg/apache/maven/plugin/descriptor/PluginDescriptor;Lorg/apache/maven/execution/MavenSession;Ljava/lang/ClassLoader;Ljava/util/Map;Lorg/eclipse/aether/graph/DependencyFilter;)V+155
j  org.apache.maven.plugin.internal.DefaultMavenPluginManager.setupPluginRealm(Lorg/apache/maven/plugin/descriptor/PluginDescriptor;Lorg/apache/maven/execution/MavenSession;Ljava/lang/ClassLoader;Ljava/util/List;Lorg/eclipse/aether/graph/DependencyFilter;)V+263
j  org.apache.maven.plugin.DefaultBuildPluginManager.getPluginRealm(Lorg/apache/maven/execution/MavenSession;Lorg/apache/maven/plugin/descriptor/PluginDescriptor;)Lorg/codehaus/plexus/classworlds/realm/ClassRealm;+20
j  org.apache.maven.plugin.DefaultBuildPluginManager.executeMojo(Lorg/apache/maven/execution/MavenSession;Lorg/apache/maven/plugin/MojoExecution;)V+21
j  org.apache.maven.lifecycle.internal.MojoExecutor.execute(Lorg/apache/maven/execution/MavenSession;Lorg/apache/maven/plugin/MojoExecution;Lorg/apache/maven/lifecycle/internal/ProjectIndex;Lorg/apache/maven/lifecycle/internal/DependencyContext;)V+220
j  org.apache.maven.lifecycle.internal.MojoExecutor.execute(Lorg/apache/maven/execution/MavenSession;Lorg/apache/maven/plugin/MojoExecution;Lorg/apache/maven/lifecycle/internal/ProjectIndex;Lorg/apache/maven/lifecycle/internal/DependencyContext;Lorg/apache/maven/lifecycle/internal/PhaseRecorder;)V+6
j  org.apache.maven.lifecycle.internal.MojoExecutor.execute(Lorg/apache/maven/execution/MavenSession;Ljava/util/List;Lorg/apache/maven/lifecycle/internal/ProjectIndex;)V+60
j  org.apache.maven.lifecycle.internal.LifecycleModuleBuilder.buildProject(Lorg/apache/maven/execution/MavenSession;Lorg/apache/maven/execution/MavenSession;Lorg/apache/maven/lifecycle/internal/ReactorContext;Lorg/apache/maven/project/MavenProject;Lorg/apache/maven/lifecycle/internal/TaskSegment;)V+180
j  org.apache.maven.lifecycle.internal.LifecycleModuleBuilder.buildProject(Lorg/apache/maven/execution/MavenSession;Lorg/apache/maven/lifecycle/internal/ReactorContext;Lorg/apache/maven/project/MavenProject;Lorg/apache/maven/lifecycle/internal/TaskSegment;)V+7
j  org.apache.maven.lifecycle.internal.builder.singlethreaded.SingleThreadedBuilder.build(Lorg/apache/maven/execution/MavenSession;Lorg/apache/maven/lifecycle/internal/ReactorContext;Lorg/apache/maven/lifecycle/internal/ProjectBuildList;Ljava/util/List;Lorg/apache/maven/lifecycle/internal/ReactorBuildStatus;)V+77
j  org.apache.maven.lifecycle.internal.LifecycleStarter.execute(Lorg/apache/maven/execution/MavenSession;)V+353
j  org.apache.maven.DefaultMaven.doExecute(Lorg/apache/maven/execution/MavenExecutionRequest;Lorg/apache/maven/execution/MavenSession;Lorg/apache/maven/execution/MavenExecutionResult;Lorg/eclipse/aether/DefaultRepositorySystemSession;)Lorg/apache/maven/execution/MavenExecutionResult;+414
j  org.apache.maven.DefaultMaven.doExecute(Lorg/apache/maven/execution/MavenExecutionRequest;)Lorg/apache/maven/execution/MavenExecutionResult;+99
j  org.apache.maven.DefaultMaven.execute(Lorg/apache/maven/execution/MavenExecutionRequest;)Lorg/apache/maven/execution/MavenExecutionResult;+2
j  org.apache.maven.cli.MavenCli.execute(Lorg/apache/maven/cli/CliRequest;)I+27
j  org.apache.maven.cli.MavenCli.doMain(Lorg/apache/maven/cli/CliRequest;)I+66
j  org.apache.maven.cli.MavenCli.main([Ljava/lang/String;Lorg/codehaus/plexus/classworlds/ClassWorld;)I+18
v  ~StubRoutines::call_stub
j  sun.reflect.NativeMethodAccessorImpl.invoke0(Ljava/lang/reflect/Method;Ljava/lang/Object;[Ljava/lang/Object;)Ljava/lang/Object;+0
j  sun.reflect.NativeMethodAccessorImpl.invoke(Ljava/lang/Object;[Ljava/lang/Object;)Ljava/lang/Object;+87
j  sun.reflect.DelegatingMethodAccessorImpl.invoke(Ljava/lang/Object;[Ljava/lang/Object;)Ljava/lang/Object;+6
j  java.lang.reflect.Method.invoke(Ljava/lang/Object;[Ljava/lang/Object;)Ljava/lang/Object;+57
j  org.codehaus.plexus.classworlds.launcher.Launcher.launchEnhanced([Ljava/lang/String;)V+45
j  org.codehaus.plexus.classworlds.launcher.Launcher.launch([Ljava/lang/String;)V+2
j  org.codehaus.plexus.classworlds.launcher.Launcher.mainWithExitCode([Ljava/lang/String;)I+101
j  org.codehaus.plexus.classworlds.launcher.Launcher.main([Ljava/lang/String;)V+1
v  ~StubRoutines::call_stub

---------------  P R O C E S S  ---------------

Java Threads: ( => current thread )
  0x00007fd300aeb800 JavaThread "process reaper" daemon [_thread_blocked, id=2316, stack(0x00007fd2f840c000,0x00007fd2f8445000)]
  0x00007fd3000af000 JavaThread "Service Thread" daemon [_thread_blocked, id=2312, stack(0x00007fd2fa1a9000,0x00007fd2fa2aa000)]
  0x00007fd3000ac800 JavaThread "C2 CompilerThread1" daemon [_thread_blocked, id=2311, stack(0x00007fd2fa2aa000,0x00007fd2fa3ab000)]
  0x00007fd3000a9800 JavaThread "C2 CompilerThread0" daemon [_thread_blocked, id=2310, stack(0x00007fd2fa3ab000,0x00007fd2fa4ac000)]
  0x00007fd3000a7800 JavaThread "Signal Dispatcher" daemon [_thread_blocked, id=2309, stack(0x00007fd2fa4ac000,0x00007fd2fa5ad000)]
  0x00007fd30007c800 JavaThread "Finalizer" daemon [_thread_blocked, id=2308, stack(0x00007fd304037000,0x00007fd304138000)]
  0x00007fd30007a000 JavaThread "Reference Handler" daemon [_thread_blocked, id=2307, stack(0x00007fd304138000,0x00007fd304239000)]
=>0x00007fd30000a000 JavaThread "main" [_thread_in_vm, id=2301, stack(0x00007fd30945c000,0x00007fd30955d000)]

Other Threads:
  0x00007fd300076000 VMThread [stack: 0x00007fd304239000,0x00007fd30433a000] [id=2306]
  0x00007fd3000b9800 WatcherThread [stack: 0x00007fd2fa0a8000,0x00007fd2fa1a9000] [id=2313]

VM state:not at safepoint (normal execution)

VM Mutex/Monitor currently owned by a thread: None

Heap
 PSYoungGen      total 132096K, used 112204K [0x00000000ebd00000, 0x00000000f4f00000, 0x0000000100000000)
  eden space 122880K, 83% used [0x00000000ebd00000,0x00000000f2199cc8,0x00000000f3500000)
  from space 9216K, 99% used [0x00000000f3600000,0x00000000f3ef9708,0x00000000f3f00000)
  to   space 13312K, 0% used [0x00000000f4200000,0x00000000f4200000,0x00000000f4f00000)
 ParOldGen       total 40960K, used 16954K [0x00000000c3800000, 0x00000000c6000000, 0x00000000ebd00000)
  object space 40960K, 41% used [0x00000000c3800000,0x00000000c488e9a0,0x00000000c6000000)
 PSPermGen       total 24576K, used 24397K [0x00000000b9200000, 0x00000000baa00000, 0x00000000c3800000)
  object space 24576K, 99% used [0x00000000b9200000,0x00000000ba9d36c0,0x00000000baa00000)

Card table byte_map: [0x00007fd305db3000,0x00007fd305feb000] byte_map_base: 0x00007fd3057ea000

Polling page: 0x00007fd30957b000

Code Cache  [0x00007fd2fd000000, 0x00007fd2fd2c0000, 0x00007fd300000000)
 total_blobs=1150 nmethods=828 adapters=274 free_code_cache=46449Kb largest_free_block=47509824

Compilation events (10 events):
Event: 12,508 Thread 0x00007fd3000a9800 nmethod 898 0x00007fd2fd07bc90 code [0x00007fd2fd07bde0, 0x00007fd2fd07be98]
Event: 12,508 Thread 0x00007fd3000ac800  899  s          java.lang.Throwable::getOurStackTrace (80 bytes)
Event: 12,511 Thread 0x00007fd3000ac800 nmethod 899 0x00007fd2fd29f990 code [0x00007fd2fd29fb00, 0x00007fd2fd29fff8]
Event: 12,756 Thread 0x00007fd3000a9800  900             java.lang.System$2::getConstantPool (5 bytes)
Event: 12,756 Thread 0x00007fd3000a9800 nmethod 900 0x00007fd2fd0e98d0 code [0x00007fd2fd0e9a20, 0x00007fd2fd0e9aa8]
Event: 12,760 Thread 0x00007fd3000ac800  901             org.eclipse.sisu.space.asm.ByteVector::putUTF8 (142 bytes)
Event: 12,765 Thread 0x00007fd3000ac800 nmethod 901 0x00007fd2fd2a1bd0 code [0x00007fd2fd2a1d40, 0x00007fd2fd2a2208]
Event: 12,774 Thread 0x00007fd3000a9800  902             java.lang.Class::checkInitted (19 bytes)
Event: 12,774 Thread 0x00007fd3000ac800  903             java.lang.Class::reflectionData (49 bytes)
Event: 12,775 Thread 0x00007fd3000a9800 nmethod 902 0x00007fd2fd0e9690 code [0x00007fd2fd0e97c0, 0x00007fd2fd0e9838]

GC Heap History (10 events):
Event: 3,758 GC heap before
{Heap before GC invocations=3 (full 0):
 PSYoungGen      total 34304K, used 33803K [0x00000000ebd00000, 0x00000000ee100000, 0x0000000100000000)
  eden space 31744K, 100% used [0x00000000ebd00000,0x00000000edc00000,0x00000000edc00000)
  from space 2560K, 80% used [0x00000000ede80000,0x00000000ee082db8,0x00000000ee100000)
  to   space 2560K, 0% used [0x00000000edc00000,0x00000000edc00000,0x00000000ede80000)
 ParOldGen       total 40960K, used 566K [0x00000000c3800000, 0x00000000c6000000, 0x00000000ebd00000)
  object space 40960K, 1% used [0x00000000c3800000,0x00000000c388d8e0,0x00000000c6000000)
 PSPermGen       total 21504K, used 11642K [0x00000000b9200000, 0x00000000ba700000, 0x00000000c3800000)
  object space 21504K, 54% used [0x00000000b9200000,0x00000000b9d5eb38,0x00000000ba700000)
Event: 3,765 GC heap after
Heap after GC invocations=3 (full 0):
 PSYoungGen      total 34304K, used 2544K [0x00000000ebd00000, 0x00000000f0000000, 0x0000000100000000)
  eden space 31744K, 0% used [0x00000000ebd00000,0x00000000ebd00000,0x00000000edc00000)
  from space 2560K, 99% used [0x00000000edc00000,0x00000000ede7c010,0x00000000ede80000)
  to   space 2560K, 0% used [0x00000000efd80000,0x00000000efd80000,0x00000000f0000000)
 ParOldGen       total 40960K, used 4197K [0x00000000c3800000, 0x00000000c6000000, 0x00000000ebd00000)
  object space 40960K, 10% used [0x00000000c3800000,0x00000000c3c19688,0x00000000c6000000)
 PSPermGen       total 21504K, used 11642K [0x00000000b9200000, 0x00000000ba700000, 0x00000000c3800000)
  object space 21504K, 54% used [0x00000000b9200000,0x00000000b9d5eb38,0x00000000ba700000)
}
Event: 4,615 GC heap before
{Heap before GC invocations=4 (full 0):
 PSYoungGen      total 34304K, used 34288K [0x00000000ebd00000, 0x00000000f0000000, 0x0000000100000000)
  eden space 31744K, 100% used [0x00000000ebd00000,0x00000000edc00000,0x00000000edc00000)
  from space 2560K, 99% used [0x00000000edc00000,0x00000000ede7c010,0x00000000ede80000)
  to   space 2560K, 0% used [0x00000000efd80000,0x00000000efd80000,0x00000000f0000000)
 ParOldGen       total 40960K, used 4197K [0x00000000c3800000, 0x00000000c6000000, 0x00000000ebd00000)
  object space 40960K, 10% used [0x00000000c3800000,0x00000000c3c19688,0x00000000c6000000)
 PSPermGen       total 21504K, used 14670K [0x00000000b9200000, 0x00000000ba700000, 0x00000000c3800000)
  object space 21504K, 68% used [0x00000000b9200000,0x00000000ba0539c8,0x00000000ba700000)
Event: 4,624 GC heap after
Heap after GC invocations=4 (full 0):
 PSYoungGen      total 66048K, used 2544K [0x00000000ebd00000, 0x00000000f0000000, 0x0000000100000000)
  eden space 63488K, 0% used [0x00000000ebd00000,0x00000000ebd00000,0x00000000efb00000)
  from space 2560K, 99% used [0x00000000efd80000,0x00000000efffc010,0x00000000f0000000)
  to   space 2560K, 0% used [0x00000000efb00000,0x00000000efb00000,0x00000000efd80000)
 ParOldGen       total 40960K, used 6933K [0x00000000c3800000, 0x00000000c6000000, 0x00000000ebd00000)
  object space 40960K, 16% used [0x00000000c3800000,0x00000000c3ec5640,0x00000000c6000000)
 PSPermGen       total 21504K, used 14670K [0x00000000b9200000, 0x00000000ba700000, 0x00000000c3800000)
  object space 21504K, 68% used [0x00000000b9200000,0x00000000ba0539c8,0x00000000ba700000)
}
Event: 7,128 GC heap before
{Heap before GC invocations=5 (full 0):
 PSYoungGen      total 66048K, used 66032K [0x00000000ebd00000, 0x00000000f0000000, 0x0000000100000000)
  eden space 63488K, 100% used [0x00000000ebd00000,0x00000000efb00000,0x00000000efb00000)
  from space 2560K, 99% used [0x00000000efd80000,0x00000000efffc010,0x00000000f0000000)
  to   space 2560K, 0% used [0x00000000efb00000,0x00000000efb00000,0x00000000efd80000)
 ParOldGen       total 40960K, used 6933K [0x00000000c3800000, 0x00000000c6000000, 0x00000000ebd00000)
  object space 40960K, 16% used [0x00000000c3800000,0x00000000c3ec5640,0x00000000c6000000)
 PSPermGen       total 21504K, used 16971K [0x00000000b9200000, 0x00000000ba700000, 0x00000000c3800000)
  object space 21504K, 78% used [0x00000000b9200000,0x00000000ba292d10,0x00000000ba700000)
Event: 7,142 GC heap after
Heap after GC invocations=5 (full 0):
 PSYoungGen      total 66048K, used 2560K [0x00000000ebd00000, 0x00000000f4b00000, 0x0000000100000000)
  eden space 63488K, 0% used [0x00000000ebd00000,0x00000000ebd00000,0x00000000efb00000)
  from space 2560K, 100% used [0x00000000efb00000,0x00000000efd80000,0x00000000efd80000)
  to   space 9216K, 0% used [0x00000000f4200000,0x00000000f4200000,0x00000000f4b00000)
 ParOldGen       total 40960K, used 11853K [0x00000000c3800000, 0x00000000c6000000, 0x00000000ebd00000)
  object space 40960K, 28% used [0x00000000c3800000,0x00000000c4393700,0x00000000c6000000)
 PSPermGen       total 21504K, used 16971K [0x00000000b9200000, 0x00000000ba700000, 0x00000000c3800000)
  object space 21504K, 78% used [0x00000000b9200000,0x00000000ba292d10,0x00000000ba700000)
}
Event: 8,918 GC heap before
{Heap before GC invocations=6 (full 0):
 PSYoungGen      total 66048K, used 66048K [0x00000000ebd00000, 0x00000000f4b00000, 0x0000000100000000)
  eden space 63488K, 100% used [0x00000000ebd00000,0x00000000efb00000,0x00000000efb00000)
  from space 2560K, 100% used [0x00000000efb00000,0x00000000efd80000,0x00000000efd80000)
  to   space 9216K, 0% used [0x00000000f4200000,0x00000000f4200000,0x00000000f4b00000)
 ParOldGen       total 40960K, used 11853K [0x00000000c3800000, 0x00000000c6000000, 0x00000000ebd00000)
  object space 40960K, 28% used [0x00000000c3800000,0x00000000c4393700,0x00000000c6000000)
 PSPermGen       total 21504K, used 17683K [0x00000000b9200000, 0x00000000ba700000, 0x00000000c3800000)
  object space 21504K, 82% used [0x00000000b9200000,0x00000000ba344dd0,0x00000000ba700000)
Event: 8,935 GC heap after
Heap after GC invocations=6 (full 0):
 PSYoungGen      total 67584K, used 6106K [0x00000000ebd00000, 0x00000000f4800000, 0x0000000100000000)
  eden space 61440K, 0% used [0x00000000ebd00000,0x00000000ebd00000,0x00000000ef900000)
  from space 6144K, 99% used [0x00000000f4200000,0x00000000f47f69b8,0x00000000f4800000)
  to   space 9216K, 0% used [0x00000000f3600000,0x00000000f3600000,0x00000000f3f00000)
 ParOldGen       total 40960K, used 11861K [0x00000000c3800000, 0x00000000c6000000, 0x00000000ebd00000)
  object space 40960K, 28% used [0x00000000c3800000,0x00000000c4395700,0x00000000c6000000)
 PSPermGen       total 21504K, used 17683K [0x00000000b9200000, 0x00000000ba700000, 0x00000000c3800000)
  object space 21504K, 82% used [0x00000000b9200000,0x00000000ba344dd0,0x00000000ba700000)
}
Event: 11,020 GC heap before
{Heap before GC invocations=7 (full 0):
 PSYoungGen      total 67584K, used 67546K [0x00000000ebd00000, 0x00000000f4800000, 0x0000000100000000)
  eden space 61440K, 100% used [0x00000000ebd00000,0x00000000ef900000,0x00000000ef900000)
  from space 6144K, 99% used [0x00000000f4200000,0x00000000f47f69b8,0x00000000f4800000)
  to   space 9216K, 0% used [0x00000000f3600000,0x00000000f3600000,0x00000000f3f00000)
 ParOldGen       total 40960K, used 11861K [0x00000000c3800000, 0x00000000c6000000, 0x00000000ebd00000)
  object space 40960K, 28% used [0x00000000c3800000,0x00000000c4395700,0x00000000c6000000)
 PSPermGen       total 23040K, used 22563K [0x00000000b9200000, 0x00000000ba880000, 0x00000000c3800000)
  object space 23040K, 97% used [0x00000000b9200000,0x00000000ba808e08,0x00000000ba880000)
Event: 11,046 GC heap after
Heap after GC invocations=7 (full 0):
 PSYoungGen      total 132096K, used 9189K [0x00000000ebd00000, 0x00000000f4f00000, 0x0000000100000000)
  eden space 122880K, 0% used [0x00000000ebd00000,0x00000000ebd00000,0x00000000f3500000)
  from space 9216K, 99% used [0x00000000f3600000,0x00000000f3ef9708,0x00000000f3f00000)
  to   space 13312K, 0% used [0x00000000f4200000,0x00000000f4200000,0x00000000f4f00000)
 ParOldGen       total 40960K, used 16954K [0x00000000c3800000, 0x00000000c6000000, 0x00000000ebd00000)
  object space 40960K, 41% used [0x00000000c3800000,0x00000000c488e9a0,0x00000000c6000000)
 PSPermGen       total 23040K, used 22563K [0x00000000b9200000, 0x00000000ba880000, 0x00000000c3800000)
  object space 23040K, 97% used [0x00000000b9200000,0x00000000ba808e08,0x00000000ba880000)
}

Deoptimization events (10 events):
Event: 11,765 Thread 0x00007fd30000a000 Uncommon trap: reason=array_check action=maybe_recompile pc=0x00007fd2fd211de4 method=java.util.ComparableTimSort.mergeLo(IIII)V @ 203
Event: 11,804 Thread 0x00007fd30000a000 Uncommon trap: reason=unstable_if action=reinterpret pc=0x00007fd2fd21db50 method=com.sun.tools.javac.code.Types$19.visitClassType(Lcom/sun/tools/javac/code/Type$ClassType;Ljava/lang/Void;)Lcom/sun/tools/javac/code/Type; @ 43
Event: 11,999 Thread 0x00007fd30000a000 Uncommon trap: reason=unstable_if action=reinterpret pc=0x00007fd2fd072cdc method=java.lang.CharacterDataLatin1.isJavaIdentifierPart(I)Z @ 11
Event: 12,177 Thread 0x00007fd30000a000 Uncommon trap: reason=class_check action=maybe_recompile pc=0x00007fd2fd112c1c method=org.apache.maven.model.interpolation.StringSearchModelInterpolator$InterpolateObjectAction$MapField.doInterpolate(Ljava/lang/Object;Lorg/apache/maven/model/interpolation
Event: 12,353 Thread 0x00007fd30000a000 Uncommon trap: reason=unstable_if action=reinterpret pc=0x00007fd2fd0ba784 method=com.google.inject.internal.asm.$Type.a(Ljava/lang/StringBuffer;Ljava/lang/Class;)V @ 91
Event: 12,356 Thread 0x00007fd30000a000 Uncommon trap: reason=unstable_if action=reinterpret pc=0x00007fd2fd0a8f94 method=com.google.inject.internal.asm.$Type.getArgumentsAndReturnSizes(Ljava/lang/String;)I @ 41
Event: 12,356 Thread 0x00007fd30000a000 Uncommon trap: reason=unstable_if action=reinterpret pc=0x00007fd2fd22b13c method=com.google.inject.internal.asm.$MethodWriter.visitMethodInsn(ILjava/lang/String;Ljava/lang/String;Ljava/lang/String;Z)V @ 137
Event: 12,356 Thread 0x00007fd30000a000 Uncommon trap: reason=unstable_if action=reinterpret pc=0x00007fd2fd232a0c method=com.google.inject.internal.asm.$MethodWriter.visitMethodInsn(ILjava/lang/String;Ljava/lang/String;Ljava/lang/String;Z)V @ 137
Event: 12,365 Thread 0x00007fd30000a000 Uncommon trap: reason=unstable_if action=reinterpret pc=0x00007fd2fd1f0ee8 method=java.lang.StringCoding.encode(Ljava/lang/String;[CII)[B @ 51
Event: 12,365 Thread 0x00007fd30000a000 Uncommon trap: reason=class_check action=maybe_recompile pc=0x00007fd2fd23efcc method=java.lang.StringCoding$StringEncoder.encode([CII)[B @ 30

Internal exceptions (10 events):
Event: 12,775 Thread 0x00007fd30000a000 Threw 0x00000000f2128790 at /build/openjdk-7-slE2TM/openjdk-7-7u91-2.6.3/build/openjdk/hotspot/src/share/vm/prims/jvm.cpp:1322
Event: 12,775 Thread 0x00007fd30000a000 Threw 0x00000000f2128ed0 at /build/openjdk-7-slE2TM/openjdk-7-7u91-2.6.3/build/openjdk/hotspot/src/share/vm/prims/jvm.cpp:1322
Event: 12,775 Thread 0x00007fd30000a000 Threw 0x00000000f212d7c8 at /build/openjdk-7-slE2TM/openjdk-7-7u91-2.6.3/build/openjdk/hotspot/src/share/vm/prims/jvm.cpp:1322
Event: 12,775 Thread 0x00007fd30000a000 Threw 0x00000000f21342e8 at /build/openjdk-7-slE2TM/openjdk-7-7u91-2.6.3/build/openjdk/hotspot/src/share/vm/prims/jvm.cpp:1322
Event: 12,776 Thread 0x00007fd30000a000 Threw 0x00000000f213cbd0 at /build/openjdk-7-slE2TM/openjdk-7-7u91-2.6.3/build/openjdk/hotspot/src/share/vm/prims/jvm.cpp:1322
Event: 12,776 Thread 0x00007fd30000a000 Threw 0x00000000f2146810 at /build/openjdk-7-slE2TM/openjdk-7-7u91-2.6.3/build/openjdk/hotspot/src/share/vm/prims/jvm.cpp:1322
Event: 12,776 Thread 0x00007fd30000a000 Threw 0x00000000f2146ff0 at /build/openjdk-7-slE2TM/openjdk-7-7u91-2.6.3/build/openjdk/hotspot/src/share/vm/prims/jvm.cpp:1322
Event: 12,777 Thread 0x00007fd30000a000 Threw 0x00000000f214a898 at /build/openjdk-7-slE2TM/openjdk-7-7u91-2.6.3/build/openjdk/hotspot/src/share/vm/prims/jvm.cpp:1322
Event: 12,777 Thread 0x00007fd30000a000 Threw 0x00000000f2150918 at /build/openjdk-7-slE2TM/openjdk-7-7u91-2.6.3/build/openjdk/hotspot/src/share/vm/prims/jvm.cpp:1322
Event: 12,777 Thread 0x00007fd30000a000 Threw 0x00000000f21571d8 at /build/openjdk-7-slE2TM/openjdk-7-7u91-2.6.3/build/openjdk/hotspot/src/share/vm/prims/jvm.cpp:1322

Events (10 events):
Event: 12,777 loading class 0x00007fd300aed370
Event: 12,777 loading class 0x00007fd300aed370 done
Event: 12,777 loading class 0x00007fd300aed980
Event: 12,777 loading class 0x00007fd300aed980 done
Event: 12,777 loading class 0x00007fd300aed980
Event: 12,777 loading class 0x00007fd300aed980 done
Event: 12,777 loading class 0x00007fd300addd80
Event: 12,777 loading class 0x00007fd300addd80 done
Event: 12,777 loading class 0x00007fd300addd80
Event: 12,777 loading class 0x00007fd300addd80 done


Dynamic libraries:
00400000-00401000 r-xp 00000000 fc:00 28970746                           /usr/lib/jvm/java-7-openjdk-amd64/jre/bin/java
00600000-00601000 r--p 00000000 fc:00 28970746                           /usr/lib/jvm/java-7-openjdk-amd64/jre/bin/java
00601000-00602000 rw-p 00001000 fc:00 28970746                           /usr/lib/jvm/java-7-openjdk-amd64/jre/bin/java
00c5f000-00c80000 rw-p 00000000 00:00 0                                  [heap]
b9200000-baa00000 rw-p 00000000 00:00 0 
baa00000-c3800000 rw-p 00000000 00:00 0 
c3800000-c6000000 rw-p 00000000 00:00 0 
c6000000-ebd00000 rw-p 00000000 00:00 0 
ebd00000-f4f00000 rw-p 00000000 00:00 0 
f4f00000-100000000 rw-p 00000000 00:00 0 
7fd2b4000000-7fd2b4021000 rw-p 00000000 00:00 0 
7fd2b4021000-7fd2b8000000 ---p 00000000 00:00 0 
7fd2b8000000-7fd2b8021000 rw-p 00000000 00:00 0 
7fd2b8021000-7fd2bc000000 ---p 00000000 00:00 0 
7fd2bc000000-7fd2bc021000 rw-p 00000000 00:00 0 
7fd2bc021000-7fd2c0000000 ---p 00000000 00:00 0 
7fd2c0000000-7fd2c0021000 rw-p 00000000 00:00 0 
7fd2c0021000-7fd2c4000000 ---p 00000000 00:00 0 
7fd2c4000000-7fd2c524e000 rw-p 00000000 00:00 0 
7fd2c524e000-7fd2c8000000 ---p 00000000 00:00 0 
7fd2c8000000-7fd2c8021000 rw-p 00000000 00:00 0 
7fd2c8021000-7fd2cc000000 ---p 00000000 00:00 0 
7fd2cc000000-7fd2cc021000 rw-p 00000000 00:00 0 
7fd2cc021000-7fd2d0000000 ---p 00000000 00:00 0 
7fd2d0000000-7fd2d10a7000 rw-p 00000000 00:00 0 
7fd2d10a7000-7fd2d4000000 ---p 00000000 00:00 0 
7fd2d4000000-7fd2d4021000 rw-p 00000000 00:00 0 
7fd2d4021000-7fd2d8000000 ---p 00000000 00:00 0 
7fd2d8000000-7fd2d8021000 rw-p 00000000 00:00 0 
7fd2d8021000-7fd2dc000000 ---p 00000000 00:00 0 
7fd2dc000000-7fd2dc021000 rw-p 00000000 00:00 0 
7fd2dc021000-7fd2e0000000 ---p 00000000 00:00 0 
7fd2e0000000-7fd2e0021000 rw-p 00000000 00:00 0 
7fd2e0021000-7fd2e4000000 ---p 00000000 00:00 0 
7fd2e4000000-7fd2e4021000 rw-p 00000000 00:00 0 
7fd2e4021000-7fd2e8000000 ---p 00000000 00:00 0 
7fd2ec000000-7fd2ec021000 rw-p 00000000 00:00 0 
7fd2ec021000-7fd2f0000000 ---p 00000000 00:00 0 
7fd2f4000000-7fd2f4021000 rw-p 00000000 00:00 0 
7fd2f4021000-7fd2f8000000 ---p 00000000 00:00 0 
7fd2f81de000-7fd2f81e0000 rw-p 00000000 00:00 0 
7fd2f81e0000-7fd2f81e2000 r--s 00005000 fc:00 25823046                   /home/idrico/.m2/repository/xpp3/xpp3_min/1.1.4c/xpp3_min-1.1.4c.jar
7fd2f81e2000-7fd2f81ed000 r--s 0005f000 fc:00 25823044                   /home/idrico/.m2/repository/com/thoughtworks/xstream/xstream/1.3.1/xstream-1.3.1.jar
7fd2f81ed000-7fd2f81f0000 r--s 0000a000 fc:00 25823042                   /home/idrico/.m2/repository/org/codehaus/plexus/plexus-io/1.0.1/plexus-io-1.0.1.jar
7fd2f81f0000-7fd2f81f4000 r--s 00029000 fc:00 25823040                   /home/idrico/.m2/repository/org/codehaus/plexus/plexus-archiver/1.2/plexus-archiver-1.2.jar
7fd2f81f4000-7fd2f81f6000 r--s 00011000 fc:00 25822895                   /home/idrico/.m2/repository/org/apache/maven/plugins/maven-war-plugin/2.1.1/maven-war-plugin-2.1.1.jar
7fd2f81f6000-7fd2f81f7000 r--s 00003000 fc:00 25955411                   /home/idrico/.m2/repository/org/apache/maven/plugin-tools/maven-plugin-annotations/3.2/maven-plugin-annotations-3.2.jar
7fd2f81f7000-7fd2f81fb000 r--s 00020000 fc:00 25823064                   /home/idrico/.m2/repository/org/apache/maven/surefire/surefire-api/2.17/surefire-api-2.17.jar
7fd2f81fb000-7fd2f8201000 r--s 00048000 fc:00 25823004                   /home/idrico/.m2/repository/org/apache/commons/commons-lang3/3.1/commons-lang3-3.1.jar
7fd2f8201000-7fd2f8203000 r--s 00008000 fc:00 25823062                   /home/idrico/.m2/repository/org/apache/maven/surefire/surefire-booter/2.17/surefire-booter-2.17.jar
7fd2f8203000-7fd2f8208000 r--s 0003c000 fc:00 25823061                   /home/idrico/.m2/repository/org/apache/maven/surefire/maven-surefire-common/2.17/maven-surefire-common-2.17.jar
7fd2f8208000-7fd2f820a000 r--s 00007000 fc:00 25823165                   /home/idrico/.m2/repository/org/apache/maven/plugins/maven-surefire-plugin/2.17/maven-surefire-plugin-2.17.jar
7fd2f820a000-7fd2f820d000 ---p 00000000 00:00 0 
7fd2f820d000-7fd2f830b000 rw-p 00000000 00:00 0 
7fd2f830b000-7fd2f830e000 ---p 00000000 00:00 0 
7fd2f830e000-7fd2f840c000 rw-p 00000000 00:00 0 
7fd2f840c000-7fd2f840f000 ---p 00000000 00:00 0 
7fd2f840f000-7fd2f8445000 rw-p 00000000 00:00 0                          [stack:2316]
7fd2f8445000-7fd2f8448000 r--s 0000a000 fc:00 25822867                   /home/idrico/.m2/repository/org/codehaus/plexus/plexus-io/1.0/plexus-io-1.0.jar
7fd2f8448000-7fd2f844c000 r--s 00028000 fc:00 25822869                   /home/idrico/.m2/repository/org/codehaus/plexus/plexus-archiver/1.0/plexus-archiver-1.0.jar
7fd2f844c000-7fd2f8450000 r--s 00033000 fc:00 25822265                   /home/idrico/.m2/repository/org/codehaus/plexus/plexus-utils/2.0.5/plexus-utils-2.0.5.jar
7fd2f8450000-7fd2f8452000 r--s 0000d000 fc:00 25822271                   /home/idrico/.m2/repository/org/codehaus/plexus/plexus-interpolation/1.13/plexus-interpolation-1.13.jar
7fd2f8452000-7fd2f8453000 r--s 00004000 fc:00 25822865                   /home/idrico/.m2/repository/org/apache/maven/maven-archiver/2.4.1/maven-archiver-2.4.1.jar
7fd2f8453000-7fd2f8454000 r--s 00004000 fc:00 25821836                   /home/idrico/.m2/repository/org/apache/maven/plugins/maven-ejb-plugin/2.3/maven-ejb-plugin-2.3.jar
7fd2f8454000-7fd2f8455000 r--s 00002000 fc:00 25822808                   /home/idrico/.m2/repository/org/apache/maven/reporting/maven-reporting-api/2.0.9/maven-reporting-api-2.0.9.jar
7fd2f8455000-7fd2f8458000 r--s 00034000 fc:00 25822806                   /home/idrico/.m2/repository/org/codehaus/plexus/plexus-utils/2.1/plexus-utils-2.1.jar
7fd2f8458000-7fd2f845a000 r--s 00006000 fc:00 25822804                   /home/idrico/.m2/repository/org/apache/maven/shared/maven-common-artifact-filters/1.3/maven-common-artifact-filters-1.3.jar
7fd2f845a000-7fd2f845c000 r--s 0000d000 fc:00 25822802                   /home/idrico/.m2/repository/org/apache/maven/surefire/maven-surefire-common/2.10/maven-surefire-common-2.10.jar
7fd2f845c000-7fd2f8461000 r--s 00023000 fc:00 25822800                   /home/idrico/.m2/repository/org/apache/maven/surefire/surefire-api/2.10/surefire-api-2.10.jar
7fd2f8461000-7fd2f8463000 r--s 00007000 fc:00 25822798                   /home/idrico/.m2/repository/org/apache/maven/surefire/surefire-booter/2.10/surefire-booter-2.10.jar
7fd2f8463000-7fd2f8465000 r--s 00006000 fc:00 25821817                   /home/idrico/.m2/repository/org/apache/maven/plugins/maven-surefire-plugin/2.10/maven-surefire-plugin-2.10.jar
7fd2f8465000-7fd2f84d0000 r--s 0069d000 fc:00 28971002                   /usr/lib/jvm/java-7-openjdk-amd64/lib/tools.jar
7fd2f84d0000-7fd2f84d3000 r--s 0001b000 fc:00 25822675                   /home/idrico/.m2/repository/junit/junit/3.8.2/junit-3.8.2.jar
7fd2f84d3000-7fd2f84e1000 r--s 0008f000 fc:00 25822673                   /home/idrico/.m2/repository/com/google/collections/google-collections/1.0/google-collections-1.0.jar
7fd2f84e1000-7fd2f84e2000 r--s 0000a000 fc:00 25822671                   /home/idrico/.m2/repository/commons-logging/commons-logging-api/1.1/commons-logging-api-1.1.jar
7fd2f84e2000-7fd2f84e9000 r--s 00051000 fc:00 25822670                   /home/idrico/.m2/repository/log4j/log4j/1.2.12/log4j-1.2.12.jar
7fd2f84e9000-7fd2f84ed000 r--s 0001d000 fc:00 25822669                   /home/idrico/.m2/repository/org/apache/xbean/xbean-reflect/3.4/xbean-reflect-3.4.jar
7fd2f84ed000-7fd2f84ee000 r--s 00004000 fc:00 25954739                   /home/idrico/.m2/repository/org/codehaus/plexus/plexus-compiler-javac/2.4/plexus-compiler-javac-2.4.jar
7fd2f84ee000-7fd2f84f0000 r--s 00000000 fc:00 25954737                   /home/idrico/.m2/repository/org/codehaus/plexus/plexus-compiler-manager/2.4/plexus-compiler-manager-2.4.jar
7fd2f84f0000-7fd2f84f2000 r--s 00005000 fc:00 25954735                   /home/idrico/.m2/repository/org/codehaus/plexus/plexus-compiler-api/2.4/plexus-compiler-api-2.4.jar
7fd2f84f2000-7fd2f84f4000 r--s 00000000 fc:00 25822656                   /home/idrico/.m2/repository/org/codehaus/plexus/plexus-component-annotations/1.5.5/plexus-component-annotations-1.5.5.jar
7fd2f84f4000-7fd2f84f6000 r--s 00002000 fc:00 25822653                   /home/idrico/.m2/repository/org/apache/maven/shared/maven-shared-incremental/1.1/maven-shared-incremental-1.1.jar
7fd2f84f6000-7fd2f84f9000 r--s 00023000 fc:00 25822651                   /home/idrico/.m2/repository/org/apache/maven/shared/maven-shared-utils/0.1/maven-shared-utils-0.1.jar
7fd2f84f9000-7fd2f84fd000 r--s 00030000 fc:00 25822621                   /home/idrico/.m2/repository/org/codehaus/plexus/plexus-utils/1.5.1/plexus-utils-1.5.1.jar
7fd2f84fd000-7fd2f84ff000 r--s 0000a000 fc:00 25955527                   /home/idrico/.m2/repository/org/apache/maven/plugins/maven-compiler-plugin/3.2/maven-compiler-plugin-3.2.jar
7fd2f84ff000-7fd2f8501000 r--s 0000b000 fc:00 25822250                   /home/idrico/.m2/repository/org/codehaus/plexus/plexus-interpolation/1.6/plexus-interpolation-1.6.jar
7fd2f8501000-7fd2f8503000 r--s 00002000 fc:00 25822259                   /home/idrico/.m2/repository/org/codehaus/plexus/plexus-interactivity-api/1.0-alpha-4/plexus-interactivity-api-1.0-alpha-4.jar
7fd2f8503000-7fd2f8505000 r--s 00006000 fc:00 25822256                   /home/idrico/.m2/repository/commons-cli/commons-cli/1.0/commons-cli-1.0.jar
7fd2f8505000-7fd2f8506000 r--s 00001000 fc:00 25822251                   /home/idrico/.m2/repository/org/apache/maven/doxia/doxia-sink-api/1.0-alpha-7/doxia-sink-api-1.0-alpha-7.jar
7fd2f8506000-7fd2f8507000 r--s 00002000 fc:00 25822249                   /home/idrico/.m2/repository/org/apache/maven/reporting/maven-reporting-api/2.0.6/maven-reporting-api-2.0.6.jar
7fd2f8507000-7fd2f8509000 r--s 00007000 fc:00 25822863                   /home/idrico/.m2/repository/org/apache/maven/shared/maven-filtering/1.0-beta-2/maven-filtering-1.0-beta-2.jar
7fd2f8509000-7fd2f850e000 r--s 00039000 fc:00 25823119                   /home/idrico/.m2/repository/org/codehaus/plexus/plexus-utils/1.5.6/plexus-utils-1.5.6.jar
7fd2f850e000-7fd2f8510000 r--s 00004000 fc:00 25955521                   /home/idrico/.m2/repository/org/apache/maven/plugins/maven-resources-plugin/2.3/maven-resources-plugin-2.3.jar
7fd2f8510000-7fd2f8514000 r--s 00037000 fc:00 25955494                   /home/idrico/.m2/repository/org/codehaus/plexus/plexus-utils/3.0.15/plexus-utils-3.0.15.jar
7fd2f8514000-7fd2f8516000 r--s 00006000 fc:00 25822652                   /home/idrico/.m2/repository/com/google/code/findbugs/jsr305/2.0.1/jsr305-2.0.1.jar
7fd2f8516000-7fd2f8519000 r--s 00023000 fc:00 25955492                   /home/idrico/.m2/repository/org/apache/maven/shared/maven-shared-utils/0.4/maven-shared-utils-0.4.jar
7fd2f8519000-7fd2f851f000 r--s 00033000 fc:00 25955490                   /home/idrico/.m2/repository/commons-codec/commons-codec/1.6/commons-codec-1.6.jar
7fd2f851f000-7fd2f8820000 rw-p 00000000 00:00 0 
7fd2f8820000-7fd2f888c000 r-xp 00000000 fc:00 10752447                   /lib/x86_64-linux-gnu/libpcre.so.3.13.1
7fd2f888c000-7fd2f8a8b000 ---p 0006c000 fc:00 10752447                   /lib/x86_64-linux-gnu/libpcre.so.3.13.1
7fd2f8a8b000-7fd2f8a8c000 r--p 0006b000 fc:00 10752447                   /lib/x86_64-linux-gnu/libpcre.so.3.13.1
7fd2f8a8c000-7fd2f8a8d000 rw-p 0006c000 fc:00 10752447                   /lib/x86_64-linux-gnu/libpcre.so.3.13.1
7fd2f8a8d000-7fd2f8a94000 r-xp 00000000 fc:00 28582387                   /usr/lib/x86_64-linux-gnu/libffi.so.6.0.4
7fd2f8a94000-7fd2f8c93000 ---p 00007000 fc:00 28582387                   /usr/lib/x86_64-linux-gnu/libffi.so.6.0.4
7fd2f8c93000-7fd2f8c94000 r--p 00006000 fc:00 28582387                   /usr/lib/x86_64-linux-gnu/libffi.so.6.0.4
7fd2f8c94000-7fd2f8c95000 rw-p 00007000 fc:00 28582387                   /usr/lib/x86_64-linux-gnu/libffi.so.6.0.4
7fd2f8c95000-7fd2f8cac000 r-xp 00000000 fc:00 10752470                   /lib/x86_64-linux-gnu/libresolv-2.21.so
7fd2f8cac000-7fd2f8eac000 ---p 00017000 fc:00 10752470                   /lib/x86_64-linux-gnu/libresolv-2.21.so
7fd2f8eac000-7fd2f8eae000 r--p 00017000 fc:00 10752470                   /lib/x86_64-linux-gnu/libresolv-2.21.so
7fd2f8eae000-7fd2f8eaf000 rw-p 00019000 fc:00 10752470                   /lib/x86_64-linux-gnu/libresolv-2.21.so
7fd2f8eaf000-7fd2f8eb1000 rw-p 00000000 00:00 0 
7fd2f8eb1000-7fd2f8ed2000 r-xp 00000000 fc:00 10752476                   /lib/x86_64-linux-gnu/libselinux.so.1
7fd2f8ed2000-7fd2f90d1000 ---p 00021000 fc:00 10752476                   /lib/x86_64-linux-gnu/libselinux.so.1
7fd2f90d1000-7fd2f90d2000 r--p 00020000 fc:00 10752476                   /lib/x86_64-linux-gnu/libselinux.so.1
7fd2f90d2000-7fd2f90d3000 rw-p 00021000 fc:00 10752476                   /lib/x86_64-linux-gnu/libselinux.so.1
7fd2f90d3000-7fd2f90d5000 rw-p 00000000 00:00 0 
7fd2f90d5000-7fd2f90d8000 r-xp 00000000 fc:00 28582506                   /usr/lib/x86_64-linux-gnu/libgmodule-2.0.so.0.4600.1
7fd2f90d8000-7fd2f92d7000 ---p 00003000 fc:00 28582506                   /usr/lib/x86_64-linux-gnu/libgmodule-2.0.so.0.4600.1
7fd2f92d7000-7fd2f92d8000 r--p 00002000 fc:00 28582506                   /usr/lib/x86_64-linux-gnu/libgmodule-2.0.so.0.4600.1
7fd2f92d8000-7fd2f92d9000 rw-p 00003000 fc:00 28582506                   /usr/lib/x86_64-linux-gnu/libgmodule-2.0.so.0.4600.1
7fd2f92d9000-7fd2f93e6000 r-xp 00000000 fc:00 10752365                   /lib/x86_64-linux-gnu/libglib-2.0.so.0.4600.1
7fd2f93e6000-7fd2f95e5000 ---p 0010d000 fc:00 10752365                   /lib/x86_64-linux-gnu/libglib-2.0.so.0.4600.1
7fd2f95e5000-7fd2f95e6000 r--p 0010c000 fc:00 10752365                   /lib/x86_64-linux-gnu/libglib-2.0.so.0.4600.1
7fd2f95e6000-7fd2f95e7000 rw-p 0010d000 fc:00 10752365                   /lib/x86_64-linux-gnu/libglib-2.0.so.0.4600.1
7fd2f95e7000-7fd2f95e8000 rw-p 00000000 00:00 0 
7fd2f95e8000-7fd2f963a000 r-xp 00000000 fc:00 28582522                   /usr/lib/x86_64-linux-gnu/libgobject-2.0.so.0.4600.1
7fd2f963a000-7fd2f9839000 ---p 00052000 fc:00 28582522                   /usr/lib/x86_64-linux-gnu/libgobject-2.0.so.0.4600.1
7fd2f9839000-7fd2f983a000 r--p 00051000 fc:00 28582522                   /usr/lib/x86_64-linux-gnu/libgobject-2.0.so.0.4600.1
7fd2f983a000-7fd2f983b000 rw-p 00052000 fc:00 28582522                   /usr/lib/x86_64-linux-gnu/libgobject-2.0.so.0.4600.1
7fd2f983b000-7fd2f99b5000 r-xp 00000000 fc:00 28582492                   /usr/lib/x86_64-linux-gnu/libgio-2.0.so.0.4600.1
7fd2f99b5000-7fd2f9bb4000 ---p 0017a000 fc:00 28582492                   /usr/lib/x86_64-linux-gnu/libgio-2.0.so.0.4600.1
7fd2f9bb4000-7fd2f9bb8000 r--p 00179000 fc:00 28582492                   /usr/lib/x86_64-linux-gnu/libgio-2.0.so.0.4600.1
7fd2f9bb8000-7fd2f9bba000 rw-p 0017d000 fc:00 28582492                   /usr/lib/x86_64-linux-gnu/libgio-2.0.so.0.4600.1
7fd2f9bba000-7fd2f9bbc000 rw-p 00000000 00:00 0 
7fd2f9bbc000-7fd2f9bc4000 r--s 00049000 fc:00 25823133                   /home/idrico/.m2/repository/backport-util-concurrent/backport-util-concurrent/3.1/backport-util-concurrent-3.1.jar
7fd2f9bc4000-7fd2f9bc7000 r--s 0001b000 fc:00 25821748                   /home/idrico/.m2/repository/junit/junit/3.8.1/junit-3.8.1.jar
7fd2f9bc7000-7fd2f9bc9000 r--s 0000b000 fc:00 25823134                   /home/idrico/.m2/repository/org/codehaus/plexus/plexus-interpolation/1.11/plexus-interpolation-1.11.jar
7fd2f9bc9000-7fd2f9bcb000 r--s 00007000 fc:00 25823156                   /home/idrico/.m2/repository/org/apache/maven/plugins/maven-install-plugin/2.5.2/maven-install-plugin-2.5.2.jar
7fd2f9bcb000-7fd2f9bcf000 r--s 00034000 fc:00 25821623                   /home/idrico/.m2/repository/org/codehaus/plexus/plexus-utils/3.0/plexus-utils-3.0.jar
7fd2f9bcf000-7fd2f9bd1000 r--s 00005000 fc:00 25821562                   /home/idrico/.m2/repository/org/apache/maven/plugins/maven-clean-plugin/2.5/maven-clean-plugin-2.5.jar
7fd2f9bd1000-7fd2f9bd6000 r--s 0004e000 fc:00 28970857                   /usr/lib/jvm/java-7-openjdk-amd64/jre/lib/jsse.jar
7fd2f9bd6000-7fd2f9bed000 r-xp 00000000 fc:00 28970844                   /usr/lib/jvm/java-7-openjdk-amd64/jre/lib/amd64/libnet.so
7fd2f9bed000-7fd2f9ded000 ---p 00017000 fc:00 28970844                   /usr/lib/jvm/java-7-openjdk-amd64/jre/lib/amd64/libnet.so
7fd2f9ded000-7fd2f9dee000 r--p 00017000 fc:00 28970844                   /usr/lib/jvm/java-7-openjdk-amd64/jre/lib/amd64/libnet.so
7fd2f9dee000-7fd2f9def000 rw-p 00018000 fc:00 28970844                   /usr/lib/jvm/java-7-openjdk-amd64/jre/lib/amd64/libnet.so
7fd2f9def000-7fd2f9e00000 r-xp 00000000 fc:00 28970806                   /usr/lib/jvm/java-7-openjdk-amd64/jre/lib/amd64/libnio.so
7fd2f9e00000-7fd2f9fff000 ---p 00011000 fc:00 28970806                   /usr/lib/jvm/java-7-openjdk-amd64/jre/lib/amd64/libnio.so
7fd2f9fff000-7fd2fa000000 r--p 00010000 fc:00 28970806                   /usr/lib/jvm/java-7-openjdk-amd64/jre/lib/amd64/libnio.so
7fd2fa000000-7fd2fa001000 rw-p 00011000 fc:00 28970806                   /usr/lib/jvm/java-7-openjdk-amd64/jre/lib/amd64/libnio.so
7fd2fa001000-7fd2fa008000 r--s 00054000 fc:00 29102518                   /usr/share/java/sisu-inject.jar
7fd2fa008000-7fd2fa00a000 r--s 00001000 fc:00 29102329                   /usr/share/java/aopalliance-1.0.jar
7fd2fa00a000-7fd2fa00e000 r--s 00027000 fc:00 29102306                   /usr/share/java/eclipse-aether-impl.jar
7fd2fa00e000-7fd2fa01b000 r--s 0008c000 fc:00 29102559                   /usr/share/java/maven3-core-3.3.3.jar
7fd2fa01b000-7fd2fa01c000 r--s 00004000 fc:00 29102135                   /usr/share/java/atinject-jsr330-tck-1.0.jar
7fd2fa01c000-7fd2fa021000 r--s 0001d000 fc:00 29102313                   /usr/share/java/eclipse-aether-api.jar
7fd2fa021000-7fd2fa023000 r--s 00013000 fc:00 29102554                   /usr/share/java/maven3-embedder-3.3.3.jar
7fd2fa023000-7fd2fa024000 r--s 00006000 fc:00 29102555                   /usr/share/java/maven3-repository-metadata-3.3.3.jar
7fd2fa024000-7fd2fa029000 r--s 00025000 fc:00 29102551                   /usr/share/java/maven3-model-builder-3.3.3.jar
7fd2fa029000-7fd2fa02c000 r--s 0000a000 fc:00 29102552                   /usr/share/java/maven3-artifact-3.3.3.jar
7fd2fa02c000-7fd2fa05a000 r--s 001d6000 fc:00 29102530                   /usr/share/java/wagon-http-shaded-2.x.jar
7fd2fa05a000-7fd2fa05c000 r--s 00006000 fc:00 29102229                   /usr/share/java/slf4j-api-1.7.12.jar
7fd2fa05c000-7fd2fa05d000 r--s 00002000 fc:00 29102234                   /usr/share/java/slf4j-simple-1.7.12.jar
7fd2fa05d000-7fd2fa05e000 r--s 00002000 fc:00 29102556                   /usr/share/java/maven3-builder-support-3.3.3.jar
7fd2fa05e000-7fd2fa060000 r--s 00006000 fc:00 29102311                   /usr/share/java/eclipse-aether-spi.jar
7fd2fa060000-7fd2fa061000 r--s 00001000 fc:00 29102533                   /usr/share/java/wagon-file-2.x.jar
7fd2fa061000-7fd2fa065000 r--s 00027000 fc:00 29102167                   /usr/share/java/commons-io-2.4.jar
7fd2fa065000-7fd2fa06c000 r--s 00041000 fc:00 29102549                   /usr/share/java/maven3-compat-3.3.3.jar
7fd2fa06c000-7fd2fa06d000 r--s 00008000 fc:00 29102309                   /usr/share/java/eclipse-aether-connector-basic.jar
7fd2fa06d000-7fd2fa07a000 r--s 0008f000 fc:00 29102513                   /usr/share/java/sisu-guice.jar
7fd2fa07a000-7fd2fa07c000 r--s 0000a000 fc:00 29102560                   /usr/share/java/maven3-plugin-api-3.3.3.jar
7fd2fa07c000-7fd2fa0a8000 r--s 001fc000 fc:00 29102251                   /usr/share/java/guava.jar
7fd2fa0a8000-7fd2fa0a9000 ---p 00000000 00:00 0 
7fd2fa0a9000-7fd2fa1a9000 rw-p 00000000 00:00 0                          [stack:2313]
7fd2fa1a9000-7fd2fa1ac000 ---p 00000000 00:00 0 
7fd2fa1ac000-7fd2fa2aa000 rw-p 00000000 00:00 0                          [stack:2312]
7fd2fa2aa000-7fd2fa2ad000 ---p 00000000 00:00 0 
7fd2fa2ad000-7fd2fa3ab000 rw-p 00000000 00:00 0                          [stack:2311]
7fd2fa3ab000-7fd2fa3ae000 ---p 00000000 00:00 0 
7fd2fa3ae000-7fd2fa4ac000 rw-p 00000000 00:00 0                          [stack:2310]
7fd2fa4ac000-7fd2fa4af000 ---p 00000000 00:00 0 
7fd2fa4af000-7fd2fa5ad000 rw-p 00000000 00:00 0                          [stack:2309]
7fd2fa5ad000-7fd2fac90000 r--p 00000000 fc:00 28580925                   /usr/lib/locale/locale-archive
7fd2fac90000-7fd2fd000000 rw-p 00000000 00:00 0 
7fd2fd000000-7fd2fd2c0000 rwxp 00000000 00:00 0 
7fd2fd2c0000-7fd300ed1000 rw-p 00000000 00:00 0 
7fd300ed1000-7fd304000000 ---p 00000000 00:00 0 
7fd304000000-7fd304002000 r--s 0000d000 fc:00 29102557                   /usr/share/java/maven3-aether-provider-3.3.3.jar
7fd304002000-7fd304003000 r--s 00006000 fc:00 29102402                   /usr/share/java/plexus-sec-dispatcher.jar
7fd304003000-7fd304005000 r--s 00000000 fc:00 29102507                   /usr/share/java/plexus-component-annotations-1.5-1.5.5.jar
7fd304005000-7fd30400b000 r--s 00048000 fc:00 29102247                   /usr/share/java/jsoup.jar
7fd30400b000-7fd304012000 r--s 0002c000 fc:00 29102520                   /usr/share/java/sisu-plexus.jar
7fd304012000-7fd304017000 r--s 00040000 fc:00 29102153                   /usr/share/java/commons-lang-2.6.jar
7fd304017000-7fd304019000 r--s 00002000 fc:00 29102400                   /usr/share/java/plexus-cipher.jar
7fd304019000-7fd30401a000 r--s 00000000 fc:00 29102139                   /usr/share/java/geronimo-interceptor-3.0-spec-1.0.1.jar
7fd30401a000-7fd30401c000 r--s 00012000 fc:00 29102142                   /usr/share/java/el-api-3.0.jar
7fd30401c000-7fd30401d000 r--s 00000000 fc:00 29102136                   /usr/share/java/atinject-jsr330-api-1.0.jar
7fd30401d000-7fd304020000 r--s 00008000 fc:00 29102145                   /usr/share/java/cdi-api-1.0.jar
7fd304020000-7fd304022000 r--s 0000a000 fc:00 29102155                   /usr/share/java/commons-cli-1.3.1.jar
7fd304022000-7fd304026000 r--s 00020000 fc:00 29102314                   /usr/share/java/eclipse-aether-util.jar
7fd304026000-7fd304028000 r--s 0000e000 fc:00 29102210                   /usr/share/java/plexus-interpolation.jar
7fd304028000-7fd30402a000 r--s 0000a000 fc:00 29102522                   /usr/share/java/wagon-provider-api-2.x.jar
7fd30402a000-7fd30402d000 r--s 00007000 fc:00 29102558                   /usr/share/java/maven3-settings-builder-3.3.3.jar
7fd30402d000-7fd304031000 r--s 00037000 fc:00 29102500                   /usr/share/java/plexus-utils2-3.0.15.jar
7fd304031000-7fd304033000 r--s 00005000 fc:00 29102312                   /usr/share/java/eclipse-aether-transport-wagon.jar
7fd304033000-7fd304035000 r--s 00027000 fc:00 29102553                   /usr/share/java/maven3-model-3.3.3.jar
7fd304035000-7fd304037000 r--s 0000a000 fc:00 29102496                   /usr/share/java/plexus-classworlds2-2.5.2.jar
7fd304037000-7fd30403a000 ---p 00000000 00:00 0 
7fd30403a000-7fd304138000 rw-p 00000000 00:00 0                          [stack:2308]
7fd304138000-7fd30413b000 ---p 00000000 00:00 0 
7fd30413b000-7fd304239000 rw-p 00000000 00:00 0                          [stack:2307]
7fd304239000-7fd30423a000 ---p 00000000 00:00 0 
7fd30423a000-7fd305337000 rw-p 00000000 00:00 0                          [stack:2306]
7fd305337000-7fd3054e9000 r--s 01d2e000 fc:00 28970799                   /usr/lib/jvm/java-7-openjdk-amd64/jre/lib/rt.jar
7fd3054e9000-7fd305819000 rw-p 00000000 00:00 0 
7fd305819000-7fd30581a000 ---p 00000000 00:00 0 
7fd30581a000-7fd30591a000 rw-p 00000000 00:00 0                          [stack:2305]
7fd30591a000-7fd30591b000 ---p 00000000 00:00 0 
7fd30591b000-7fd305a1b000 rw-p 00000000 00:00 0                          [stack:2304]
7fd305a1b000-7fd305a1c000 ---p 00000000 00:00 0 
7fd305a1c000-7fd305b1c000 rw-p 00000000 00:00 0                          [stack:2303]
7fd305b1c000-7fd305b1d000 ---p 00000000 00:00 0 
7fd305b1d000-7fd305c29000 rw-p 00000000 00:00 0                          [stack:2302]
7fd305c29000-7fd305c70000 rw-p 00000000 00:00 0 
7fd305c70000-7fd305c84000 rw-p 00000000 00:00 0 
7fd305c84000-7fd305db3000 rw-p 00000000 00:00 0 
7fd305db3000-7fd305dbf000 rw-p 00000000 00:00 0 
7fd305dbf000-7fd305e06000 rw-p 00000000 00:00 0 
7fd305e06000-7fd305e1a000 rw-p 00000000 00:00 0 
7fd305e1a000-7fd305f48000 rw-p 00000000 00:00 0 
7fd305f48000-7fd305f92000 rw-p 00000000 00:00 0 
7fd305f92000-7fd305fea000 rw-p 00000000 00:00 0 
7fd305fea000-7fd305feb000 rw-p 00000000 00:00 0 
7fd305feb000-7fd305ff3000 r-xp 00000000 fc:00 28970810                   /usr/lib/jvm/java-7-openjdk-amd64/jre/lib/amd64/libzip.so
7fd305ff3000-7fd3061f2000 ---p 00008000 fc:00 28970810                   /usr/lib/jvm/java-7-openjdk-amd64/jre/lib/amd64/libzip.so
7fd3061f2000-7fd3061f3000 r--p 00007000 fc:00 28970810                   /usr/lib/jvm/java-7-openjdk-amd64/jre/lib/amd64/libzip.so
7fd3061f3000-7fd3061f4000 rw-p 00008000 fc:00 28970810                   /usr/lib/jvm/java-7-openjdk-amd64/jre/lib/amd64/libzip.so
7fd3061f4000-7fd306200000 r-xp 00000000 fc:00 10752417                   /lib/x86_64-linux-gnu/libnss_files-2.21.so
7fd306200000-7fd3063ff000 ---p 0000c000 fc:00 10752417                   /lib/x86_64-linux-gnu/libnss_files-2.21.so
7fd3063ff000-7fd306400000 r--p 0000b000 fc:00 10752417                   /lib/x86_64-linux-gnu/libnss_files-2.21.so
7fd306400000-7fd306401000 rw-p 0000c000 fc:00 10752417                   /lib/x86_64-linux-gnu/libnss_files-2.21.so
7fd306401000-7fd30640c000 r-xp 00000000 fc:00 10752427                   /lib/x86_64-linux-gnu/libnss_nis-2.21.so
7fd30640c000-7fd30660b000 ---p 0000b000 fc:00 10752427                   /lib/x86_64-linux-gnu/libnss_nis-2.21.so
7fd30660b000-7fd30660c000 r--p 0000a000 fc:00 10752427                   /lib/x86_64-linux-gnu/libnss_nis-2.21.so
7fd30660c000-7fd30660d000 rw-p 0000b000 fc:00 10752427                   /lib/x86_64-linux-gnu/libnss_nis-2.21.so
7fd30660d000-7fd306624000 r-xp 00000000 fc:00 10752411                   /lib/x86_64-linux-gnu/libnsl-2.21.so
7fd306624000-7fd306823000 ---p 00017000 fc:00 10752411                   /lib/x86_64-linux-gnu/libnsl-2.21.so
7fd306823000-7fd306824000 r--p 00016000 fc:00 10752411                   /lib/x86_64-linux-gnu/libnsl-2.21.so
7fd306824000-7fd306825000 rw-p 00017000 fc:00 10752411                   /lib/x86_64-linux-gnu/libnsl-2.21.so
7fd306825000-7fd306827000 rw-p 00000000 00:00 0 
7fd306827000-7fd30682f000 r-xp 00000000 fc:00 10752413                   /lib/x86_64-linux-gnu/libnss_compat-2.21.so
7fd30682f000-7fd306a2e000 ---p 00008000 fc:00 10752413                   /lib/x86_64-linux-gnu/libnss_compat-2.21.so
7fd306a2e000-7fd306a2f000 r--p 00007000 fc:00 10752413                   /lib/x86_64-linux-gnu/libnss_compat-2.21.so
7fd306a2f000-7fd306a30000 rw-p 00008000 fc:00 10752413                   /lib/x86_64-linux-gnu/libnss_compat-2.21.so
7fd306a30000-7fd306a5c000 r-xp 00000000 fc:00 28970818                   /usr/lib/jvm/java-7-openjdk-amd64/jre/lib/amd64/libjava.so
7fd306a5c000-7fd306c5b000 ---p 0002c000 fc:00 28970818                   /usr/lib/jvm/java-7-openjdk-amd64/jre/lib/amd64/libjava.so
7fd306c5b000-7fd306c5c000 r--p 0002b000 fc:00 28970818                   /usr/lib/jvm/java-7-openjdk-amd64/jre/lib/amd64/libjava.so
7fd306c5c000-7fd306c5e000 rw-p 0002c000 fc:00 28970818                   /usr/lib/jvm/java-7-openjdk-amd64/jre/lib/amd64/libjava.so
7fd306c5e000-7fd306c6d000 r-xp 00000000 fc:00 28970839                   /usr/lib/jvm/java-7-openjdk-amd64/jre/lib/amd64/libverify.so
7fd306c6d000-7fd306e6c000 ---p 0000f000 fc:00 28970839                   /usr/lib/jvm/java-7-openjdk-amd64/jre/lib/amd64/libverify.so
7fd306e6c000-7fd306e6e000 r--p 0000e000 fc:00 28970839                   /usr/lib/jvm/java-7-openjdk-amd64/jre/lib/amd64/libverify.so
7fd306e6e000-7fd306e6f000 rw-p 00010000 fc:00 28970839                   /usr/lib/jvm/java-7-openjdk-amd64/jre/lib/amd64/libverify.so
7fd306e6f000-7fd306e76000 r-xp 00000000 fc:00 10752472                   /lib/x86_64-linux-gnu/librt-2.21.so
7fd306e76000-7fd307075000 ---p 00007000 fc:00 10752472                   /lib/x86_64-linux-gnu/librt-2.21.so
7fd307075000-7fd307076000 r--p 00006000 fc:00 10752472                   /lib/x86_64-linux-gnu/librt-2.21.so
7fd307076000-7fd307077000 rw-p 00007000 fc:00 10752472                   /lib/x86_64-linux-gnu/librt-2.21.so
7fd307077000-7fd30708d000 r-xp 00000000 fc:00 10752361                   /lib/x86_64-linux-gnu/libgcc_s.so.1
7fd30708d000-7fd30728c000 ---p 00016000 fc:00 10752361                   /lib/x86_64-linux-gnu/libgcc_s.so.1
7fd30728c000-7fd30728d000 r--p 00015000 fc:00 10752361                   /lib/x86_64-linux-gnu/libgcc_s.so.1
7fd30728d000-7fd30728e000 rw-p 00016000 fc:00 10752361                   /lib/x86_64-linux-gnu/libgcc_s.so.1
7fd30728e000-7fd307395000 r-xp 00000000 fc:00 10752390                   /lib/x86_64-linux-gnu/libm-2.21.so
7fd307395000-7fd307594000 ---p 00107000 fc:00 10752390                   /lib/x86_64-linux-gnu/libm-2.21.so
7fd307594000-7fd307595000 r--p 00106000 fc:00 10752390                   /lib/x86_64-linux-gnu/libm-2.21.so
7fd307595000-7fd307596000 rw-p 00107000 fc:00 10752390                   /lib/x86_64-linux-gnu/libm-2.21.so
7fd307596000-7fd307709000 r-xp 00000000 fc:00 28583044                   /usr/lib/x86_64-linux-gnu/libstdc++.so.6.0.21
7fd307709000-7fd307908000 ---p 00173000 fc:00 28583044                   /usr/lib/x86_64-linux-gnu/libstdc++.so.6.0.21
7fd307908000-7fd307912000 r--p 00172000 fc:00 28583044                   /usr/lib/x86_64-linux-gnu/libstdc++.so.6.0.21
7fd307912000-7fd307914000 rw-p 0017c000 fc:00 28583044                   /usr/lib/x86_64-linux-gnu/libstdc++.so.6.0.21
7fd307914000-7fd307918000 rw-p 00000000 00:00 0 
7fd307918000-7fd308469000 r-xp 00000000 fc:00 28970830                   /usr/lib/jvm/java-7-openjdk-amd64/jre/lib/amd64/server/libjvm.so
7fd308469000-7fd308668000 ---p 00b51000 fc:00 28970830                   /usr/lib/jvm/java-7-openjdk-amd64/jre/lib/amd64/server/libjvm.so
7fd308668000-7fd3086f9000 r--p 00b50000 fc:00 28970830                   /usr/lib/jvm/java-7-openjdk-amd64/jre/lib/amd64/server/libjvm.so
7fd3086f9000-7fd30871c000 rw-p 00be1000 fc:00 28970830                   /usr/lib/jvm/java-7-openjdk-amd64/jre/lib/amd64/server/libjvm.so
7fd30871c000-7fd308747000 rw-p 00000000 00:00 0 
7fd308747000-7fd308760000 r-xp 00000000 fc:00 10752507                   /lib/x86_64-linux-gnu/libz.so.1.2.8
7fd308760000-7fd30895f000 ---p 00019000 fc:00 10752507                   /lib/x86_64-linux-gnu/libz.so.1.2.8
7fd30895f000-7fd308960000 r--p 00018000 fc:00 10752507                   /lib/x86_64-linux-gnu/libz.so.1.2.8
7fd308960000-7fd308961000 rw-p 00019000 fc:00 10752507                   /lib/x86_64-linux-gnu/libz.so.1.2.8
7fd308961000-7fd308979000 r-xp 00000000 fc:00 10752464                   /lib/x86_64-linux-gnu/libpthread-2.21.so
7fd308979000-7fd308b79000 ---p 00018000 fc:00 10752464                   /lib/x86_64-linux-gnu/libpthread-2.21.so
7fd308b79000-7fd308b7a000 r--p 00018000 fc:00 10752464                   /lib/x86_64-linux-gnu/libpthread-2.21.so
7fd308b7a000-7fd308b7b000 rw-p 00019000 fc:00 10752464                   /lib/x86_64-linux-gnu/libpthread-2.21.so
7fd308b7b000-7fd308b7f000 rw-p 00000000 00:00 0 
7fd308b7f000-7fd308b82000 r-xp 00000000 fc:00 10752347                   /lib/x86_64-linux-gnu/libdl-2.21.so
7fd308b82000-7fd308d81000 ---p 00003000 fc:00 10752347                   /lib/x86_64-linux-gnu/libdl-2.21.so
7fd308d81000-7fd308d82000 r--p 00002000 fc:00 10752347                   /lib/x86_64-linux-gnu/libdl-2.21.so
7fd308d82000-7fd308d83000 rw-p 00003000 fc:00 10752347                   /lib/x86_64-linux-gnu/libdl-2.21.so
7fd308d83000-7fd308f43000 r-xp 00000000 fc:00 10752328                   /lib/x86_64-linux-gnu/libc-2.21.so
7fd308f43000-7fd309143000 ---p 001c0000 fc:00 10752328                   /lib/x86_64-linux-gnu/libc-2.21.so
7fd309143000-7fd309147000 r--p 001c0000 fc:00 10752328                   /lib/x86_64-linux-gnu/libc-2.21.so
7fd309147000-7fd309149000 rw-p 001c4000 fc:00 10752328                   /lib/x86_64-linux-gnu/libc-2.21.so
7fd309149000-7fd30914d000 rw-p 00000000 00:00 0 
7fd30914d000-7fd30915a000 r-xp 00000000 fc:00 28970841                   /usr/lib/jvm/java-7-openjdk-amd64/jre/lib/amd64/jli/libjli.so
7fd30915a000-7fd309359000 ---p 0000d000 fc:00 28970841                   /usr/lib/jvm/java-7-openjdk-amd64/jre/lib/amd64/jli/libjli.so
7fd309359000-7fd30935a000 r--p 0000c000 fc:00 28970841                   /usr/lib/jvm/java-7-openjdk-amd64/jre/lib/amd64/jli/libjli.so
7fd30935a000-7fd30935b000 rw-p 0000d000 fc:00 28970841                   /usr/lib/jvm/java-7-openjdk-amd64/jre/lib/amd64/jli/libjli.so
7fd30935b000-7fd30937f000 r-xp 00000000 fc:00 10752300                   /lib/x86_64-linux-gnu/ld-2.21.so
7fd30937f000-7fd309380000 r--s 0000a000 fc:00 29102550                   /usr/share/java/maven3-settings-3.3.3.jar
7fd309380000-7fd309382000 r--s 00007000 fc:00 29101884                   /usr/share/java/java-atk-wrapper.jar
7fd309382000-7fd309385000 r--s 0000f000 fc:00 28970792                   /usr/lib/jvm/java-7-openjdk-amd64/jre/lib/ext/icedtea-sound.jar
7fd309385000-7fd3093a7000 rw-p 00000000 00:00 0 
7fd3093a7000-7fd30945c000 rw-p 00000000 00:00 0 
7fd30945c000-7fd30945f000 ---p 00000000 00:00 0 
7fd30945f000-7fd309562000 rw-p 00000000 00:00 0                          [stack:2301]
7fd309562000-7fd309563000 r--s 00001000 fc:00 29102525                   /usr/share/java/wagon-http-shared-2.x.jar
7fd309563000-7fd309564000 r--s 00002000 fc:00 28970795                   /usr/lib/jvm/java-7-openjdk-amd64/jre/lib/ext/dnsns.jar
7fd309564000-7fd309568000 r--s 00034000 fc:00 28970793                   /usr/lib/jvm/java-7-openjdk-amd64/jre/lib/ext/sunjce_provider.jar
7fd309568000-7fd30956a000 r--s 00012000 fc:00 28970790                   /usr/lib/jvm/java-7-openjdk-amd64/jre/lib/ext/zipfs.jar
7fd30956a000-7fd30956e000 r--s 00085000 fc:00 28970791                   /usr/lib/jvm/java-7-openjdk-amd64/jre/lib/ext/localedata.jar
7fd30956e000-7fd309572000 r--s 0003c000 fc:00 28970794                   /usr/lib/jvm/java-7-openjdk-amd64/jre/lib/ext/sunpkcs11.jar
7fd309572000-7fd30957a000 rw-s 00000000 fc:00 9568279                    /tmp/hsperfdata_idrico/2275
7fd30957a000-7fd30957b000 rw-p 00000000 00:00 0 
7fd30957b000-7fd30957c000 r--p 00000000 00:00 0 
7fd30957c000-7fd30957e000 rw-p 00000000 00:00 0 
7fd30957e000-7fd30957f000 r--p 00023000 fc:00 10752300                   /lib/x86_64-linux-gnu/ld-2.21.so
7fd30957f000-7fd309580000 rw-p 00024000 fc:00 10752300                   /lib/x86_64-linux-gnu/ld-2.21.so
7fd309580000-7fd309581000 rw-p 00000000 00:00 0 
7ffdb7962000-7ffdb7983000 rw-p 00000000 00:00 0                          [stack]
7ffdb7987000-7ffdb7989000 r--p 00000000 00:00 0                          [vvar]
7ffdb7989000-7ffdb798b000 r-xp 00000000 00:00 0                          [vdso]
ffffffffff600000-ffffffffff601000 r-xp 00000000 00:00 0                  [vsyscall]

VM Arguments:
jvm_args: -Dclassworlds.conf=/usr/share/maven/bin/m2.conf -Dmaven.home=/usr/share/maven -Dmaven.multiModuleProjectDirectory=/home/idrico/application/FactoryHomes 
java_command: org.codehaus.plexus.classworlds.launcher.Launcher clean install
Launcher Type: SUN_STANDARD

Environment Variables:
JAVA_HOME=/usr/lib/jvm/java-7-openjdk-amd64
PATH=/usr/local/sbin:/usr/local/bin:/usr/sbin:/usr/bin:/sbin:/bin:/usr/games:/usr/local/games
SHELL=/bin/bash
DISPLAY=:0

Signal Handlers:
SIGSEGV: [libjvm.so+0x995450], sa_mask[0]=0x7ffbfeff, sa_flags=0x10000004
SIGBUS: [libjvm.so+0x995450], sa_mask[0]=0x7ffbfeff, sa_flags=0x10000004
SIGFPE: [libjvm.so+0x7fc6a0], sa_mask[0]=0x7ffbfeff, sa_flags=0x10000004
SIGPIPE: [libjvm.so+0x7fc6a0], sa_mask[0]=0x7ffbfeff, sa_flags=0x10000004
SIGXFSZ: [libjvm.so+0x7fc6a0], sa_mask[0]=0x7ffbfeff, sa_flags=0x10000004
SIGILL: [libjvm.so+0x7fc6a0], sa_mask[0]=0x7ffbfeff, sa_flags=0x10000004
SIGUSR1: SIG_DFL, sa_mask[0]=0x00000000, sa_flags=0x00000000
SIGUSR2: [libjvm.so+0x7fc520], sa_mask[0]=0x00000000, sa_flags=0x10000004
SIGHUP: [libjvm.so+0x7fc6b0], sa_mask[0]=0x7ffbfeff, sa_flags=0x10000004
SIGINT: [libjvm.so+0x7fc6b0], sa_mask[0]=0x7ffbfeff, sa_flags=0x10000004
SIGTERM: [libjvm.so+0x7fc6b0], sa_mask[0]=0x7ffbfeff, sa_flags=0x10000004
SIGQUIT: [libjvm.so+0x7fc6b0], sa_mask[0]=0x7ffbfeff, sa_flags=0x10000004
SIGTRAP: SIG_DFL, sa_mask[0]=0x00000000, sa_flags=0x00000000


---------------  S Y S T E M  ---------------

OS:Ubuntu 15.10 (wily)
uname:Linux 4.2.0-19-generic #23-Ubuntu SMP Wed Nov 11 11:39:30 UTC 2015 x86_64
libc:glibc 2.21 NPTL 2.21 
rlimit: STACK 8192k, CORE 0k, NPROC 14601, NOFILE 65536, AS infinity
load average:1,18 1,11 0,51

/proc/meminfo:
MemTotal:        3960140 kB
MemFree:         2022608 kB
MemAvailable:    2689248 kB
Buffers:           55120 kB
Cached:           779068 kB
SwapCached:            0 kB
Active:          1138272 kB
Inactive:         606584 kB
Active(anon):     911924 kB
Inactive(anon):   180380 kB
Active(file):     226348 kB
Inactive(file):   426204 kB
Unevictable:          72 kB
Mlocked:              72 kB
SwapTotal:       4104188 kB
SwapFree:        4104188 kB
Dirty:              2544 kB
Writeback:             0 kB
AnonPages:        912720 kB
Mapped:           324704 kB
Shmem:            181780 kB
Slab:              77932 kB
SReclaimable:      43488 kB
SUnreclaim:        34444 kB
KernelStack:        8944 kB
PageTables:        37808 kB
NFS_Unstable:          0 kB
Bounce:                0 kB
WritebackTmp:          0 kB
CommitLimit:     6084256 kB
Committed_AS:    5092004 kB
VmallocTotal:   34359738367 kB
VmallocUsed:      573840 kB
VmallocChunk:   34358423548 kB
HardwareCorrupted:     0 kB
AnonHugePages:    225280 kB
CmaTotal:              0 kB
CmaFree:               0 kB
HugePages_Total:       0
HugePages_Free:        0
HugePages_Rsvd:        0
HugePages_Surp:        0
Hugepagesize:       2048 kB
DirectMap4k:      139136 kB
DirectMap2M:     3969024 kB
DirectMap1G:     1048576 kB


CPU:total 4 (2 cores per cpu, 2 threads per core) family 6 model 61 stepping 4, cmov, cx8, fxsr, mmx, sse, sse2, sse3, ssse3, sse4.1, sse4.2, popcnt, avx, avx2, aes, erms, ht, tsc, tscinvbit

/proc/cpuinfo:
processor	: 0
vendor_id	: GenuineIntel
cpu family	: 6
model		: 61
model name	: Intel(R) Core(TM) i7-5500U CPU @ 2.40GHz
stepping	: 4
microcode	: 0x18
cpu MHz		: 2788.687
cache size	: 4096 KB
physical id	: 0
siblings	: 4
core id		: 0
cpu cores	: 2
apicid		: 0
initial apicid	: 0
fpu		: yes
fpu_exception	: yes
cpuid level	: 20
wp		: yes
flags		: fpu vme de pse tsc msr pae mce cx8 apic sep mtrr pge mca cmov pat pse36 clflush dts acpi mmx fxsr sse sse2 ss ht tm pbe syscall nx pdpe1gb rdtscp lm constant_tsc arch_perfmon pebs bts rep_good nopl xtopology nonstop_tsc aperfmperf eagerfpu pni pclmulqdq dtes64 monitor ds_cpl vmx est tm2 ssse3 fma cx16 xtpr pdcm pcid sse4_1 sse4_2 x2apic movbe popcnt tsc_deadline_timer aes xsave avx f16c rdrand lahf_lm abm 3dnowprefetch ida arat epb pln pts dtherm intel_pt tpr_shadow vnmi flexpriority ept vpid fsgsbase tsc_adjust bmi1 avx2 smep bmi2 erms invpcid rdseed adx smap xsaveopt
bugs		:
bogomips	: 4788.88
clflush size	: 64
cache_alignment	: 64
address sizes	: 39 bits physical, 48 bits virtual
power management:

processor	: 1
vendor_id	: GenuineIntel
cpu family	: 6
model		: 61
model name	: Intel(R) Core(TM) i7-5500U CPU @ 2.40GHz
stepping	: 4
microcode	: 0x18
cpu MHz		: 2420.343
cache size	: 4096 KB
physical id	: 0
siblings	: 4
core id		: 1
cpu cores	: 2
apicid		: 2
initial apicid	: 2
fpu		: yes
fpu_exception	: yes
cpuid level	: 20
wp		: yes
flags		: fpu vme de pse tsc msr pae mce cx8 apic sep mtrr pge mca cmov pat pse36 clflush dts acpi mmx fxsr sse sse2 ss ht tm pbe syscall nx pdpe1gb rdtscp lm constant_tsc arch_perfmon pebs bts rep_good nopl xtopology nonstop_tsc aperfmperf eagerfpu pni pclmulqdq dtes64 monitor ds_cpl vmx est tm2 ssse3 fma cx16 xtpr pdcm pcid sse4_1 sse4_2 x2apic movbe popcnt tsc_deadline_timer aes xsave avx f16c rdrand lahf_lm abm 3dnowprefetch ida arat epb pln pts dtherm intel_pt tpr_shadow vnmi flexpriority ept vpid fsgsbase tsc_adjust bmi1 avx2 smep bmi2 erms invpcid rdseed adx smap xsaveopt
bugs		:
bogomips	: 4788.88
clflush size	: 64
cache_alignment	: 64
address sizes	: 39 bits physical, 48 bits virtual
power management:

processor	: 2
vendor_id	: GenuineIntel
cpu family	: 6
model		: 61
model name	: Intel(R) Core(TM) i7-5500U CPU @ 2.40GHz
stepping	: 4
microcode	: 0x18
cpu MHz		: 2961.937
cache size	: 4096 KB
physical id	: 0
siblings	: 4
core id		: 0
cpu cores	: 2
apicid		: 1
initial apicid	: 1
fpu		: yes
fpu_exception	: yes
cpuid level	: 20
wp		: yes
flags		: fpu vme de pse tsc msr pae mce cx8 apic sep mtrr pge mca cmov pat pse36 clflush dts acpi mmx fxsr sse sse2 ss ht tm pbe syscall nx pdpe1gb rdtscp lm constant_tsc arch_perfmon pebs bts rep_good nopl xtopology nonstop_tsc aperfmperf eagerfpu pni pclmulqdq dtes64 monitor ds_cpl vmx est tm2 ssse3 fma cx16 xtpr pdcm pcid sse4_1 sse4_2 x2apic movbe popcnt tsc_deadline_timer aes xsave avx f16c rdrand lahf_lm abm 3dnowprefetch ida arat epb pln pts dtherm intel_pt tpr_shadow vnmi flexpriority ept vpid fsgsbase tsc_adjust bmi1 avx2 smep bmi2 erms invpcid rdseed adx smap xsaveopt
bugs		:
bogomips	: 4788.88
clflush size	: 64
cache_alignment	: 64
address sizes	: 39 bits physical, 48 bits virtual
power management:

processor	: 3
vendor_id	: GenuineIntel
cpu family	: 6
model		: 61
model name	: Intel(R) Core(TM) i7-5500U CPU @ 2.40GHz
stepping	: 4
microcode	: 0x18
cpu MHz		: 2899.968
cache size	: 4096 KB
physical id	: 0
siblings	: 4
core id		: 1
cpu cores	: 2
apicid		: 3
initial apicid	: 3
fpu		: yes
fpu_exception	: yes
cpuid level	: 20
wp		: yes
flags		: fpu vme de pse tsc msr pae mce cx8 apic sep mtrr pge mca cmov pat pse36 clflush dts acpi mmx fxsr sse sse2 ss ht tm pbe syscall nx pdpe1gb rdtscp lm constant_tsc arch_perfmon pebs bts rep_good nopl xtopology nonstop_tsc aperfmperf eagerfpu pni pclmulqdq dtes64 monitor ds_cpl vmx est tm2 ssse3 fma cx16 xtpr pdcm pcid sse4_1 sse4_2 x2apic movbe popcnt tsc_deadline_timer aes xsave avx f16c rdrand lahf_lm abm 3dnowprefetch ida arat epb pln pts dtherm intel_pt tpr_shadow vnmi flexpriority ept vpid fsgsbase tsc_adjust bmi1 avx2 smep bmi2 erms invpcid rdseed adx smap xsaveopt
bugs		:
bogomips	: 4788.88
clflush size	: 64
cache_alignment	: 64
address sizes	: 39 bits physical, 48 bits virtual
power management:



Memory: 4k page, physical 3960140k(2022608k free), swap 4104188k(4104188k free)

vm_info: OpenJDK 64-Bit Server VM (24.91-b01) for linux-amd64 JRE (1.7.0_91-b02), built on Nov 19 2015 06:14:16 by "buildd" with gcc 5.2.1 20151010

time: Tue Dec 15 20:07:05 2015
elapsed time: 12 seconds

